#
# There is insufficient memory for the Java Runtime Environment to continue.
# Native memory allocation (malloc) failed to allocate 2094256 bytes for Chunk::new
# Possible reasons:
#   The system is out of physical RAM or swap space
#   In 32 bit mode, the process size limit was hit
# Possible solutions:
#   Reduce memory load on the system
#   Increase physical memory or swap space
#   Check if swap backing store is full
#   Use 64 bit Java on a 64 bit OS
#   Decrease Java heap size (-Xmx/-Xms)
#   Decrease number of Java threads
#   Decrease Java thread stack sizes (-Xss)
#   Set larger code cache with -XX:ReservedCodeCacheSize=
# This output file may be truncated or incomplete.
#
#  Out of Memory Error (allocation.cpp:390), pid=4404, tid=0x0000000000001e70
#
# JRE version: OpenJDK Runtime Environment (8.0_152-b06) (build 1.8.0_152-release-1136-b06)
# Java VM: OpenJDK 64-Bit Server VM (25.152-b06 mixed mode windows-amd64 compressed oops)
# Failed to write core dump. Minidumps are not enabled by default on client versions of Windows
#

---------------  T H R E A D  ---------------

Current thread (0x0000000016910000):  JavaThread "C2 CompilerThread0" daemon [_thread_in_native, id=7792, stack(0x0000000017f70000,0x0000000018070000)]

Stack: [0x0000000017f70000,0x0000000018070000]
[error occurred during error reporting (printing stack bounds), id 0xc0000005]

Native frames: (J=compiled Java code, j=interpreted, Vv=VM code, C=native code)


Current CompileTask:
C2:  10090 4103   !   4       com.sun.beans.TypeResolver::resolve (274 bytes)


---------------  P R O C E S S  ---------------

Java Threads: ( => current thread )
  0x00000000198f2000 JavaThread "Memory manager" [_thread_blocked, id=7900, stack(0x0000000021a60000,0x0000000021b60000)]
  0x00000000198ef000 JavaThread "Build operations Thread 4" [_thread_blocked, id=11768, stack(0x0000000021760000,0x0000000021860000)]
  0x00000000198f3000 JavaThread "Build operations Thread 3" [_thread_blocked, id=12580, stack(0x00000000213f0000,0x00000000214f0000)]
  0x00000000198ee800 JavaThread "Build operations Thread 2" [_thread_blocked, id=7000, stack(0x00000000212f0000,0x00000000213f0000)]
  0x00000000198ed000 JavaThread "Build operations" [_thread_blocked, id=3448, stack(0x000000001ee40000,0x000000001ef40000)]
  0x00000000198f1800 JavaThread "Cache worker for Artifact transforms cache (C:\Users\osiza\.gradle\caches\transforms-1)" [_thread_blocked, id=16072, stack(0x000000001eb40000,0x000000001ec40000)]
  0x000000001b595000 JavaThread "Cache worker for file hash cache (C:\Users\osiza\Downloads\BulletFalls\.gradle\4.6\fileHashes)" [_thread_blocked, id=2604, stack(0x000000001c4a0000,0x000000001c5a0000)]
  0x000000001999b800 JavaThread "File lock request listener" [_thread_in_native, id=5060, stack(0x000000001b3d0000,0x000000001b4d0000)]
  0x0000000019921800 JavaThread "Cache worker for file hash cache (C:\Users\osiza\.gradle\caches\4.6\fileHashes)" [_thread_blocked, id=8144, stack(0x000000001b2d0000,0x000000001b3d0000)]
  0x00000000197fe800 JavaThread "Stdin handler" [_thread_blocked, id=6172, stack(0x000000001afd0000,0x000000001b0d0000)]
  0x00000000197fd000 JavaThread "Asynchronous log dispatcher for DefaultDaemonConnection: socket connection from /127.0.0.1:13441 to /127.0.0.1:13442" [_thread_blocked, id=3156, stack(0x000000001aed0000,0x000000001afd0000)]
  0x00000000197fa800 JavaThread "Daemon worker" [_thread_in_native, id=220, stack(0x000000001add0000,0x000000001aed0000)]
  0x0000000019805800 JavaThread "Cancel handler" [_thread_blocked, id=17452, stack(0x000000001acd0000,0x000000001add0000)]
  0x00000000197e6000 JavaThread "Handler for socket connection from /127.0.0.1:13441 to /127.0.0.1:13442" [_thread_in_native, id=3636, stack(0x000000001a9d0000,0x000000001aad0000)]
  0x0000000019789800 JavaThread "Daemon" [_thread_blocked, id=2448, stack(0x000000001a8d0000,0x000000001a9d0000)]
  0x0000000019785000 JavaThread "Daemon periodic checks" [_thread_blocked, id=10452, stack(0x000000001a7d0000,0x000000001a8d0000)]
  0x0000000019773800 JavaThread "Incoming local TCP Connector on port 13441" [_thread_in_native, id=10984, stack(0x000000001a580000,0x000000001a680000)]
  0x00000000182a0800 JavaThread "Service Thread" daemon [_thread_blocked, id=2476, stack(0x0000000018670000,0x0000000018770000)]
  0x000000001691b000 JavaThread "C1 CompilerThread2" daemon [_thread_blocked, id=14528, stack(0x0000000018170000,0x0000000018270000)]
  0x0000000016914000 JavaThread "C2 CompilerThread1" daemon [_thread_in_vm, id=16940, stack(0x0000000018070000,0x0000000018170000)]
=>0x0000000016910000 JavaThread "C2 CompilerThread0" daemon [_thread_in_native, id=7792, stack(0x0000000017f70000,0x0000000018070000)]
  0x000000001690e800 JavaThread "Attach Listener" daemon [_thread_blocked, id=16448, stack(0x0000000017e70000,0x0000000017f70000)]
  0x000000001690d000 JavaThread "Signal Dispatcher" daemon [_thread_blocked, id=8380, stack(0x0000000017d70000,0x0000000017e70000)]
  0x00000000168f8800 JavaThread "Finalizer" daemon [_thread_blocked, id=8856, stack(0x0000000017b60000,0x0000000017c60000)]
  0x0000000002f91800 JavaThread "Reference Handler" daemon [_thread_blocked, id=1792, stack(0x0000000017a60000,0x0000000017b60000)]
  0x0000000002ea2800 JavaThread "main" [_thread_blocked, id=14300, stack(0x0000000002d20000,0x0000000002e20000)]

Other Threads:
  0x00000000168d5000 VMThread [stack: 0x0000000017960000,0x0000000017a60000] [id=1784]
  0x000000001696d000 WatcherThread [stack: 0x0000000018770000,0x0000000018870000] [id=9448]

VM state:not at safepoint (normal execution)

VM Mutex/Monitor currently owned by a thread: None

Heap:
 PSYoungGen      total 122368K, used 48168K [0x00000000e0000000, 0x00000000e8b80000, 0x0000000100000000)
  eden space 112640K, 34% used [0x00000000e0000000,0x00000000e25d04a8,0x00000000e6e00000)
  from space 9728K, 97% used [0x00000000e8200000,0x00000000e8b39e30,0x00000000e8b80000)
  to   space 11264K, 0% used [0x00000000e7580000,0x00000000e7580000,0x00000000e8080000)
 ParOldGen       total 85504K, used 15047K [0x00000000a0000000, 0x00000000a5380000, 0x00000000e0000000)
  object space 85504K, 17% used [0x00000000a0000000,0x00000000a0eb1e98,0x00000000a5380000)
 Metaspace       used 42676K, capacity 43450K, committed 43816K, reserved 1087488K
  class space    used 5773K, capacity 6066K, committed 6192K, reserved 1048576K

Card table byte_map: [0x0000000012360000,0x0000000012670000] byte_map_base: 0x0000000011e60000

Marking Bits: (ParMarkBitMap*) 0x0000000066035aa0
 Begin Bits: [0x0000000012c70000, 0x0000000014470000)
 End Bits:   [0x0000000014470000, 0x0000000015c70000)

Polling page: 0x0000000001450000

CodeCache: size=245760Kb used=13337Kb max_used=13347Kb free=232422Kb
 bounds [0x0000000002fa0000, 0x0000000003cc0000, 0x0000000011fa0000]
 total_blobs=4589 nmethods=3851 adapters=650
 compilation: enabled

Compilation events (10 events):
Event: 10.046 Thread 0x000000001691b000 nmethod 4167 0x0000000003cad090 code [0x0000000003cad200, 0x0000000003cad588]
Event: 10.046 Thread 0x000000001691b000 4168   !   3       sun.nio.fs.WindowsDirectoryStream$WindowsDirectoryIterator::acceptEntry (71 bytes)
Event: 10.047 Thread 0x000000001691b000 nmethod 4168 0x0000000003cad6d0 code [0x0000000003cad8e0, 0x0000000003cae2e8]
Event: 10.053 Thread 0x000000001691b000 4169       3       java.util.stream.ReferencePipeline$3$1::accept (23 bytes)
Event: 10.053 Thread 0x000000001691b000 nmethod 4169 0x0000000003cae890 code [0x0000000003caea00, 0x0000000003caecf8]
Event: 10.062 Thread 0x000000001691b000 4170       1       sun.nio.fs.WindowsPath::getPathForPermissionCheck (5 bytes)
Event: 10.062 Thread 0x000000001691b000 nmethod 4170 0x0000000003caee10 code [0x0000000003caef60, 0x0000000003caf070]
Event: 10.067 Thread 0x0000000016914000 4171       4       java.lang.Class::getClassLoader (28 bytes)
Event: 10.068 Thread 0x0000000016914000 nmethod 4171 0x0000000003cb1d50 code [0x0000000003cb1e80, 0x0000000003cb1f18]
Event: 10.080 Thread 0x0000000016914000 4172   !   4       sun.misc.Resource::getBytes (242 bytes)

GC Heap History (10 events):
Event: 6.048 GC heap before
{Heap before GC invocations=8 (full 1):
 PSYoungGen      total 57856K, used 57523K [0x00000000e0000000, 0x00000000e4e00000, 0x0000000100000000)
  eden space 53760K, 100% used [0x00000000e0000000,0x00000000e3480000,0x00000000e3480000)
  from space 4096K, 91% used [0x00000000e4a00000,0x00000000e4dacc88,0x00000000e4e00000)
  to   space 10240K, 0% used [0x00000000e3a00000,0x00000000e3a00000,0x00000000e4400000)
 ParOldGen       total 57856K, used 8335K [0x00000000a0000000, 0x00000000a3880000, 0x00000000e0000000)
  object space 57856K, 14% used [0x00000000a0000000,0x00000000a0823e18,0x00000000a3880000)
 Metaspace       used 27805K, capacity 28280K, committed 28464K, reserved 1073152K
  class space    used 3886K, capacity 4027K, committed 4144K, reserved 1048576K
Event: 6.062 GC heap after
Heap after GC invocations=8 (full 1):
 PSYoungGen      total 69632K, used 6550K [0x00000000e0000000, 0x00000000e6900000, 0x0000000100000000)
  eden space 59392K, 0% used [0x00000000e0000000,0x00000000e0000000,0x00000000e3a00000)
  from space 10240K, 63% used [0x00000000e3a00000,0x00000000e4065ae8,0x00000000e4400000)
  to   space 10240K, 0% used [0x00000000e5f00000,0x00000000e5f00000,0x00000000e6900000)
 ParOldGen       total 57856K, used 8343K [0x00000000a0000000, 0x00000000a3880000, 0x00000000e0000000)
  object space 57856K, 14% used [0x00000000a0000000,0x00000000a0825e18,0x00000000a3880000)
 Metaspace       used 27805K, capacity 28280K, committed 28464K, reserved 1073152K
  class space    used 3886K, capacity 4027K, committed 4144K, reserved 1048576K
}
Event: 7.743 GC heap before
{Heap before GC invocations=9 (full 1):
 PSYoungGen      total 69632K, used 65942K [0x00000000e0000000, 0x00000000e6900000, 0x0000000100000000)
  eden space 59392K, 100% used [0x00000000e0000000,0x00000000e3a00000,0x00000000e3a00000)
  from space 10240K, 63% used [0x00000000e3a00000,0x00000000e4065ae8,0x00000000e4400000)
  to   space 10240K, 0% used [0x00000000e5f00000,0x00000000e5f00000,0x00000000e6900000)
 ParOldGen       total 57856K, used 8343K [0x00000000a0000000, 0x00000000a3880000, 0x00000000e0000000)
  object space 57856K, 14% used [0x00000000a0000000,0x00000000a0825e18,0x00000000a3880000)
 Metaspace       used 32470K, capacity 32958K, committed 33200K, reserved 1077248K
  class space    used 4554K, capacity 4715K, committed 4784K, reserved 1048576K
Event: 7.765 GC heap after
Heap after GC invocations=9 (full 1):
 PSYoungGen      total 96256K, used 9738K [0x00000000e0000000, 0x00000000e7380000, 0x0000000100000000)
  eden space 86016K, 0% used [0x00000000e0000000,0x00000000e0000000,0x00000000e5400000)
  from space 10240K, 95% used [0x00000000e5f00000,0x00000000e6882ba0,0x00000000e6900000)
  to   space 11264K, 0% used [0x00000000e5400000,0x00000000e5400000,0x00000000e5f00000)
 ParOldGen       total 57856K, used 8351K [0x00000000a0000000, 0x00000000a3880000, 0x00000000e0000000)
  object space 57856K, 14% used [0x00000000a0000000,0x00000000a0827e18,0x00000000a3880000)
 Metaspace       used 32470K, capacity 32958K, committed 33200K, reserved 1077248K
  class space    used 4554K, capacity 4715K, committed 4784K, reserved 1048576K
}
Event: 8.042 GC heap before
{Heap before GC invocations=10 (full 1):
 PSYoungGen      total 96256K, used 24169K [0x00000000e0000000, 0x00000000e7380000, 0x0000000100000000)
  eden space 86016K, 16% used [0x00000000e0000000,0x00000000e0e17968,0x00000000e5400000)
  from space 10240K, 95% used [0x00000000e5f00000,0x00000000e6882ba0,0x00000000e6900000)
  to   space 11264K, 0% used [0x00000000e5400000,0x00000000e5400000,0x00000000e5f00000)
 ParOldGen       total 57856K, used 8351K [0x00000000a0000000, 0x00000000a3880000, 0x00000000e0000000)
  object space 57856K, 14% used [0x00000000a0000000,0x00000000a0827e18,0x00000000a3880000)
 Metaspace       used 34932K, capacity 35400K, committed 35496K, reserved 1079296K
  class space    used 4828K, capacity 4998K, committed 5040K, reserved 1048576K
Event: 8.055 GC heap after
Heap after GC invocations=10 (full 1):
 PSYoungGen      total 97280K, used 6920K [0x00000000e0000000, 0x00000000e8c80000, 0x0000000100000000)
  eden space 86016K, 0% used [0x00000000e0000000,0x00000000e0000000,0x00000000e5400000)
  from space 11264K, 61% used [0x00000000e5400000,0x00000000e5ac22f8,0x00000000e5f00000)
  to   space 10752K, 0% used [0x00000000e8200000,0x00000000e8200000,0x00000000e8c80000)
 ParOldGen       total 57856K, used 9919K [0x00000000a0000000, 0x00000000a3880000, 0x00000000e0000000)
  object space 57856K, 17% used [0x00000000a0000000,0x00000000a09afe98,0x00000000a3880000)
 Metaspace       used 34932K, capacity 35400K, committed 35496K, reserved 1079296K
  class space    used 4828K, capacity 4998K, committed 5040K, reserved 1048576K
}
Event: 8.055 GC heap before
{Heap before GC invocations=11 (full 2):
 PSYoungGen      total 97280K, used 6920K [0x00000000e0000000, 0x00000000e8c80000, 0x0000000100000000)
  eden space 86016K, 0% used [0x00000000e0000000,0x00000000e0000000,0x00000000e5400000)
  from space 11264K, 61% used [0x00000000e5400000,0x00000000e5ac22f8,0x00000000e5f00000)
  to   space 10752K, 0% used [0x00000000e8200000,0x00000000e8200000,0x00000000e8c80000)
 ParOldGen       total 57856K, used 9919K [0x00000000a0000000, 0x00000000a3880000, 0x00000000e0000000)
  object space 57856K, 17% used [0x00000000a0000000,0x00000000a09afe98,0x00000000a3880000)
 Metaspace       used 34932K, capacity 35400K, committed 35496K, reserved 1079296K
  class space    used 4828K, capacity 4998K, committed 5040K, reserved 1048576K
Event: 8.157 GC heap after
Heap after GC invocations=11 (full 2):
 PSYoungGen      total 97280K, used 0K [0x00000000e0000000, 0x00000000e8c80000, 0x0000000100000000)
  eden space 86016K, 0% used [0x00000000e0000000,0x00000000e0000000,0x00000000e5400000)
  from space 11264K, 0% used [0x00000000e5400000,0x00000000e5400000,0x00000000e5f00000)
  to   space 10752K, 0% used [0x00000000e8200000,0x00000000e8200000,0x00000000e8c80000)
 ParOldGen       total 85504K, used 15039K [0x00000000a0000000, 0x00000000a5380000, 0x00000000e0000000)
  object space 85504K, 17% used [0x00000000a0000000,0x00000000a0eafe98,0x00000000a5380000)
 Metaspace       used 34932K, capacity 35400K, committed 35496K, reserved 1079296K
  class space    used 4828K, capacity 4998K, committed 5040K, reserved 1048576K
}
Event: 9.356 GC heap before
{Heap before GC invocations=12 (full 2):
 PSYoungGen      total 97280K, used 86016K [0x00000000e0000000, 0x00000000e8c80000, 0x0000000100000000)
  eden space 86016K, 100% used [0x00000000e0000000,0x00000000e5400000,0x00000000e5400000)
  from space 11264K, 0% used [0x00000000e5400000,0x00000000e5400000,0x00000000e5f00000)
  to   space 10752K, 0% used [0x00000000e8200000,0x00000000e8200000,0x00000000e8c80000)
 ParOldGen       total 85504K, used 15039K [0x00000000a0000000, 0x00000000a5380000, 0x00000000e0000000)
  object space 85504K, 17% used [0x00000000a0000000,0x00000000a0eafe98,0x00000000a5380000)
 Metaspace       used 40140K, capacity 40848K, committed 41128K, reserved 1085440K
  class space    used 5442K, capacity 5694K, committed 5808K, reserved 1048576K
Event: 9.373 GC heap after
Heap after GC invocations=12 (full 2):
 PSYoungGen      total 122368K, used 9447K [0x00000000e0000000, 0x00000000e8b80000, 0x0000000100000000)
  eden space 112640K, 0% used [0x00000000e0000000,0x00000000e0000000,0x00000000e6e00000)
  from space 9728K, 97% used [0x00000000e8200000,0x00000000e8b39e30,0x00000000e8b80000)
  to   space 11264K, 0% used [0x00000000e7580000,0x00000000e7580000,0x00000000e8080000)
 ParOldGen       total 85504K, used 15047K [0x00000000a0000000, 0x00000000a5380000, 0x00000000e0000000)
  object space 85504K, 17% used [0x00000000a0000000,0x00000000a0eb1e98,0x00000000a5380000)
 Metaspace       used 40140K, capacity 40848K, committed 41128K, reserved 1085440K
  class space    used 5442K, capacity 5694K, committed 5808K, reserved 1048576K
}

Deoptimization events (10 events):
Event: 8.626 Thread 0x00000000197fa800 Uncommon trap: reason=unstable_if action=reinterpret pc=0x0000000003a300f8 method=java.lang.reflect.Modifier.toString(I)Ljava/lang/String; @ 123
Event: 8.859 Thread 0x00000000197fa800 Uncommon trap: reason=unstable_if action=reinterpret pc=0x000000000341affc method=java.lang.CharacterDataLatin1.isWhitespace(I)Z @ 14
Event: 8.911 Thread 0x00000000197fa800 Uncommon trap: reason=unstable_if action=reinterpret pc=0x0000000003989544 method=java.util.jar.JarFile.getInputStream(Ljava/util/zip/ZipEntry;)Ljava/io/InputStream; @ 37
Event: 8.913 Thread 0x00000000197fa800 Uncommon trap: reason=unstable_if action=reinterpret pc=0x000000000398f844 method=java.util.jar.JarFile$JarFileEntry.getCodeSigners()[Ljava/security/CodeSigner; @ 24
Event: 8.920 Thread 0x00000000197fa800 Uncommon trap: reason=unstable_if action=reinterpret pc=0x00000000037f462c method=java.security.CodeSource.getCertificates()[Ljava/security/cert/Certificate; @ 22
Event: 8.920 Thread 0x00000000197fa800 Uncommon trap: reason=unstable_if action=reinterpret pc=0x00000000039922c4 method=java.util.jar.JarFile$JarFileEntry.getCodeSigners()[Ljava/security/CodeSigner; @ 24
Event: 8.920 Thread 0x00000000197fa800 Uncommon trap: reason=unstable_if action=reinterpret pc=0x000000000349637c method=java.security.CodeSource.matchCerts(Ljava/security/CodeSource;Z)Z @ 11
Event: 8.947 Thread 0x00000000197fa800 Uncommon trap: reason=unstable_if action=reinterpret pc=0x000000000358d2bc method=java.util.LinkedHashMap.get(Ljava/lang/Object;)Ljava/lang/Object; @ 20
Event: 9.062 Thread 0x00000000197fa800 Uncommon trap: reason=unstable_if action=reinterpret pc=0x0000000003822940 method=org.objectweb.asm.ByteVector.putUTF8(Ljava/lang/String;)Lorg/objectweb/asm/ByteVector; @ 91
Event: 9.181 Thread 0x00000000197fa800 Uncommon trap: reason=unstable_if action=reinterpret pc=0x00000000037d7370 method=org.objectweb.asm.ByteVector.putUTF8(Ljava/lang/String;)Lorg/objectweb/asm/ByteVector; @ 91

Classes redefined (0 events):
No events

Internal exceptions (10 events):
Event: 10.054 Thread 0x00000000197fa800 Exception <a 'sun/nio/fs/WindowsException'> (0x00000000e2437a50) thrown at [D:\src\AOSP-openjdk-cygwin\jdk8u\hotspot\src\share\vm\prims\jni.cpp, line 709]
Event: 10.055 Thread 0x00000000197fa800 Exception <a 'sun/nio/fs/WindowsException'> (0x00000000e243b160) thrown at [D:\src\AOSP-openjdk-cygwin\jdk8u\hotspot\src\share\vm\prims\jni.cpp, line 709]
Event: 10.056 Thread 0x00000000197fa800 Exception <a 'sun/nio/fs/WindowsException'> (0x00000000e243bd40) thrown at [D:\src\AOSP-openjdk-cygwin\jdk8u\hotspot\src\share\vm\prims\jni.cpp, line 709]
Event: 10.056 Thread 0x00000000197fa800 Exception <a 'sun/nio/fs/WindowsException'> (0x00000000e243d958) thrown at [D:\src\AOSP-openjdk-cygwin\jdk8u\hotspot\src\share\vm\prims\jni.cpp, line 709]
Event: 10.056 Thread 0x00000000197fa800 Exception <a 'sun/nio/fs/WindowsException'> (0x00000000e243e578) thrown at [D:\src\AOSP-openjdk-cygwin\jdk8u\hotspot\src\share\vm\prims\jni.cpp, line 709]
Event: 10.057 Thread 0x00000000197fa800 Exception <a 'sun/nio/fs/WindowsException'> (0x00000000e24413c0) thrown at [D:\src\AOSP-openjdk-cygwin\jdk8u\hotspot\src\share\vm\prims\jni.cpp, line 709]
Event: 10.057 Thread 0x00000000197fa800 Exception <a 'sun/nio/fs/WindowsException'> (0x00000000e2442080) thrown at [D:\src\AOSP-openjdk-cygwin\jdk8u\hotspot\src\share\vm\prims\jni.cpp, line 709]
Event: 10.058 Thread 0x00000000197fa800 Exception <a 'sun/nio/fs/WindowsException'> (0x00000000e2443d88) thrown at [D:\src\AOSP-openjdk-cygwin\jdk8u\hotspot\src\share\vm\prims\jni.cpp, line 709]
Event: 10.058 Thread 0x00000000197fa800 Exception <a 'sun/nio/fs/WindowsException'> (0x00000000e2444a80) thrown at [D:\src\AOSP-openjdk-cygwin\jdk8u\hotspot\src\share\vm\prims\jni.cpp, line 709]
Event: 10.069 Thread 0x00000000197fa800 Exception <a 'java/lang/ClassNotFoundException': com/sun/org/glassfish/hk2/osgiresourcelocator/ServiceLoader> (0x00000000e24a16a0) thrown at [D:\src\AOSP-openjdk-cygwin\jdk8u\hotspot\src\share\vm\classfile\systemDictionary.cpp, line 210]

Events (10 events):
Event: 10.073 loading class com/sun/xml/bind/v2/ContextFactory
Event: 10.073 loading class com/sun/xml/bind/v2/ContextFactory done
Event: 10.079 loading class com/sun/xml/bind/api/JAXBRIContext
Event: 10.079 loading class com/sun/xml/bind/api/JAXBRIContext done
Event: 10.080 loading class com/sun/xml/bind/v2/runtime/JAXBContextImpl
Event: 10.080 loading class com/sun/xml/bind/v2/runtime/JAXBContextImpl done
Event: 10.082 loading class com/sun/xml/bind/v2/model/annotation/RuntimeAnnotationReader
Event: 10.082 loading class com/sun/xml/bind/v2/model/annotation/RuntimeAnnotationReader done
Event: 10.082 loading class com/sun/xml/bind/v2/model/annotation/AnnotationReader
Event: 10.082 loading class com/sun/xml/bind/v2/model/annotation/AnnotationReader done


Dynamic libraries:
0x00007ff7c6b90000 - 0x00007ff7c6bc1000 	C:\Program Files\Android\Android Studio\jre\bin\java.exe
0x00007fff371a0000 - 0x00007fff37381000 	C:\WINDOWS\SYSTEM32\ntdll.dll
0x00007fff34640000 - 0x00007fff346f2000 	C:\WINDOWS\System32\KERNEL32.DLL
0x00007fff33910000 - 0x00007fff33b83000 	C:\WINDOWS\System32\KERNELBASE.dll
0x00007fff34f60000 - 0x00007fff35001000 	C:\WINDOWS\System32\ADVAPI32.dll
0x00007fff34b50000 - 0x00007fff34bee000 	C:\WINDOWS\System32\msvcrt.dll
0x00007fff34c60000 - 0x00007fff34cbb000 	C:\WINDOWS\System32\sechost.dll
0x00007fff35ad0000 - 0x00007fff35bf4000 	C:\WINDOWS\System32\RPCRT4.dll
0x00007fff35870000 - 0x00007fff35a00000 	C:\WINDOWS\System32\USER32.dll
0x00007fff34420000 - 0x00007fff34440000 	C:\WINDOWS\System32\win32u.dll
0x00007fff35810000 - 0x00007fff35838000 	C:\WINDOWS\System32\GDI32.dll
0x00007fff33610000 - 0x00007fff337a2000 	C:\WINDOWS\System32\gdi32full.dll
0x00007fff33570000 - 0x00007fff3360f000 	C:\WINDOWS\System32\msvcp_win.dll
0x00007fff33810000 - 0x00007fff3390a000 	C:\WINDOWS\System32\ucrtbase.dll
0x00007fff1e7a0000 - 0x00007fff1ea09000 	C:\WINDOWS\WinSxS\amd64_microsoft.windows.common-controls_6595b64144ccf1df_6.0.17134.345_none_fb429a5930656358\COMCTL32.dll
0x00007fff35010000 - 0x00007fff35333000 	C:\WINDOWS\System32\combase.dll
0x00007fff343a0000 - 0x00007fff3441a000 	C:\WINDOWS\System32\bcryptPrimitives.dll
0x00007fff35840000 - 0x00007fff3586d000 	C:\WINDOWS\System32\IMM32.DLL
0x00000000656b0000 - 0x0000000065782000 	C:\Program Files\Android\Android Studio\jre\jre\bin\msvcr100.dll
0x0000000065870000 - 0x00000000660b1000 	C:\Program Files\Android\Android Studio\jre\jre\bin\server\jvm.dll
0x00007fff34f50000 - 0x00007fff34f58000 	C:\WINDOWS\System32\PSAPI.DLL
0x00007fff25720000 - 0x00007fff25729000 	C:\WINDOWS\SYSTEM32\WSOCK32.dll
0x00007fff34bf0000 - 0x00007fff34c5c000 	C:\WINDOWS\System32\WS2_32.dll
0x00007fff30bb0000 - 0x00007fff30bd3000 	C:\WINDOWS\SYSTEM32\WINMM.dll
0x00007fff311b0000 - 0x00007fff311ba000 	C:\WINDOWS\SYSTEM32\VERSION.dll
0x00007fff30b80000 - 0x00007fff30baa000 	C:\WINDOWS\SYSTEM32\WINMMBASE.dll
0x00007fff34350000 - 0x00007fff34399000 	C:\WINDOWS\System32\cfgmgr32.dll
0x00007fff2a150000 - 0x00007fff2a15f000 	C:\Program Files\Android\Android Studio\jre\jre\bin\verify.dll
0x00007fff1eb90000 - 0x00007fff1ebb9000 	C:\Program Files\Android\Android Studio\jre\jre\bin\java.dll
0x00007fff1ec30000 - 0x00007fff1ec46000 	C:\Program Files\Android\Android Studio\jre\jre\bin\zip.dll
0x00007fff35c00000 - 0x00007fff3703f000 	C:\WINDOWS\System32\SHELL32.dll
0x00007fff37040000 - 0x00007fff370e9000 	C:\WINDOWS\System32\shcore.dll
0x00007fff33c40000 - 0x00007fff3434d000 	C:\WINDOWS\System32\windows.storage.dll
0x00007fff34e60000 - 0x00007fff34eb1000 	C:\WINDOWS\System32\shlwapi.dll
0x00007fff33550000 - 0x00007fff33561000 	C:\WINDOWS\System32\kernel.appcore.dll
0x00007fff33510000 - 0x00007fff3352f000 	C:\WINDOWS\System32\profapi.dll
0x00007fff334b0000 - 0x00007fff334fc000 	C:\WINDOWS\System32\powrprof.dll
0x00007fff33500000 - 0x00007fff3350a000 	C:\WINDOWS\System32\FLTLIB.DLL
0x00007fff1e6a0000 - 0x00007fff1e6ba000 	C:\Program Files\Android\Android Studio\jre\jre\bin\net.dll
0x00007fff32d30000 - 0x00007fff32d96000 	C:\WINDOWS\system32\mswsock.dll
0x00007fff1dd10000 - 0x00007fff1dd21000 	C:\Program Files\Android\Android Studio\jre\jre\bin\nio.dll
0x00007fff24d90000 - 0x00007fff24dae000 	C:\Users\osiza\.gradle\native\25\windows-amd64\native-platform.dll
0x00007fff29110000 - 0x00007fff2911d000 	C:\Program Files\Android\Android Studio\jre\jre\bin\management.dll
0x00007fff32ee0000 - 0x00007fff32ef7000 	C:\WINDOWS\SYSTEM32\CRYPTSP.dll
0x00007fff32910000 - 0x00007fff32943000 	C:\WINDOWS\system32\rsaenh.dll
0x00007fff33010000 - 0x00007fff33035000 	C:\WINDOWS\SYSTEM32\bcrypt.dll
0x00007fff333e0000 - 0x00007fff33408000 	C:\WINDOWS\SYSTEM32\USERENV.dll
0x00007fff32f00000 - 0x00007fff32f0b000 	C:\WINDOWS\SYSTEM32\CRYPTBASE.dll
0x00007fff32ab0000 - 0x00007fff32ae8000 	C:\WINDOWS\SYSTEM32\IPHLPAPI.DLL
0x00007fff34630000 - 0x00007fff34638000 	C:\WINDOWS\System32\NSI.dll
0x00007fff2ccc0000 - 0x00007fff2ccd6000 	C:\WINDOWS\SYSTEM32\dhcpcsvc6.DLL
0x00007fff2cca0000 - 0x00007fff2ccba000 	C:\WINDOWS\SYSTEM32\dhcpcsvc.DLL

VM Arguments:
jvm_args: -Xmx1536m -Dfile.encoding=windows-1250 -Duser.country=PL -Duser.language=pl -Duser.variant 
java_command: org.gradle.launcher.daemon.bootstrap.GradleDaemon 4.6
java_class_path (initial): C:\Users\osiza\.gradle\wrapper\dists\gradle-4.6-all\bcst21l2brirad8k2ben1letg\gradle-4.6\lib\gradle-launcher-4.6.jar
Launcher Type: SUN_STANDARD

Environment Variables:
PATH=C:\Program Files (x86)\Common Files\Oracle\Java\javapath;C:\Program Files\Microsoft MPI\Bin\;C:\oraclexe\app\oracle\product\11.2.0\server\bin;C:\ProgramData\Oracle\Java\javapath;C:\app\client\osiza\product\12.1.0\client_3;C:\app\client\osiza\product\12.1.0\client_3\bin;C:\app\client\osiza\product\12.1.0\client_2;C:\app\client\osiza\product\12.1.0\client_2\bin;C:\app\client\osiza\product\12.1.0\client_1;C:\app\client\osiza\product\12.1.0\client_1\bin;C:\WINDOWS\system32;C:\WINDOWS;C:\WINDOWS\System32\Wbem;C:\WINDOWS\System32\WindowsPowerShell\v1.0\;C:\Program Files (x86)\Common Files\lenovo\easyplussdk\bin;C:\Program Files\Microsoft SQL Server\130\Tools\Binn\;C:\Program Files\SQL Anywhere 12\bin64;C:\Program Files\SQL Anywhere 12\bin32;C:\Program Files\Java\jdk1.8.0_121\bin;C:\Program Files (x86)\Skype\Phone\;C:\Program Files\dotnet\;C:\Program Files\Git\cmd;C:\Program Files (x86)\GtkSharp\2.12\bin;C:\Program Files\MiKTeX 2.9\miktex\bin\x64\;C:\Program Files (x86)\Microsoft SQL Server\Client SDK\ODBC\130\Tools\Binn\;C:\Program Files (x86)\Microsoft SQL Server\140\Tools\Binn\;C:\Program Files (x86)\Microsoft SQL Server\140\DTS\Binn\;C:\Program Files (x86)\Microsoft SQL Server\140\Tools\Binn\ManagementStudio\;C:\WINDOWS\System32\OpenSSH\;C:\Users\osiza\AppData\Local\Microsoft\WindowsApps;C:\Users\osiza\AppData\Local\GitHubDesktop\bin;C:\Users\osiza\AppData\Local\atom\bin;C:\Users\osiza\AppData\Local\Microsoft\WindowsApps;
USERNAME=osiza
OS=Windows_NT
PROCESSOR_IDENTIFIER=Intel64 Family 6 Model 78 Stepping 3, GenuineIntel



---------------  S Y S T E M  ---------------

OS: Windows 10.0 , 64 bit Build 17134 (10.0.17134.1)

CPU:total 4 (initial active 4) (2 cores per cpu, 2 threads per core) family 6 model 78 stepping 3, cmov, cx8, fxsr, mmx, sse, sse2, sse3, ssse3, sse4.1, sse4.2, popcnt, avx, avx2, aes, clmul, erms, 3dnowpref, lzcnt, ht, tsc, tscinvbit, bmi1, bmi2, adx

Memory: 4k page, physical 8204560k(473816k free), swap 33370384k(4328k free)

vm_info: OpenJDK 64-Bit Server VM (25.152-b06) for windows-amd64 JRE (1.8.0_152-release-1136-b06), built by "builder" with MS VC++ 10.0 (VS2010)

time: Fri Oct 19 18:20:00 2018
elapsed time: 10 seconds (0d 0h 0m 10s)

