#
# There is insufficient memory for the Java Runtime Environment to continue.
# Native memory allocation (malloc) failed to allocate 32744 bytes for ChunkPool::allocate
# Possible reasons:
#   The system is out of physical RAM or swap space
#   In 32 bit mode, the process size limit was hit
# Possible solutions:
#   Reduce memory load on the system
#   Increase physical memory or swap space
#   Check if swap backing store is full
#   Use 64 bit Java on a 64 bit OS
#   Decrease Java heap size (-Xmx/-Xms)
#   Decrease number of Java threads
#   Decrease Java thread stack sizes (-Xss)
#   Set larger code cache with -XX:ReservedCodeCacheSize=
# This output file may be truncated or incomplete.
#
#  Out of Memory Error (allocation.cpp:273), pid=17932, tid=0x0000000000003a18
#
# JRE version: OpenJDK Runtime Environment (8.0_152-b06) (build 1.8.0_152-release-1136-b06)
# Java VM: OpenJDK 64-Bit Server VM (25.152-b06 mixed mode windows-amd64 compressed oops)
# Failed to write core dump. Minidumps are not enabled by default on client versions of Windows
#

---------------  T H R E A D  ---------------

Current thread (0x00000000194a1000):  JavaThread "Daemon worker" [_thread_in_vm, id=14872, stack(0x000000001aa30000,0x000000001ab30000)]

Stack: [0x000000001aa30000,0x000000001ab30000]
[error occurred during error reporting (printing stack bounds), id 0xc0000005]

Native frames: (J=compiled Java code, j=interpreted, Vv=VM code, C=native code)

Java frames: (J=compiled Java code, j=interpreted, Vv=VM code)
J 290  java.lang.Throwable.fillInStackTrace(I)Ljava/lang/Throwable; (0 bytes) @ 0x0000000002d8f13b [0x0000000002d8f100+0x3b]
J 1685 C2 java.lang.ReflectiveOperationException.<init>(Ljava/lang/String;Ljava/lang/Throwable;)V (7 bytes) @ 0x00000000031be3a0 [0x00000000031be2e0+0xc0]
J 1355 C2 java.net.URLClassLoader.findClass(Ljava/lang/String;)Ljava/lang/Class; (47 bytes) @ 0x00000000030988ac [0x00000000030987a0+0x10c]
J 2276 C2 java.lang.ClassLoader.loadClass(Ljava/lang/String;Z)Ljava/lang/Class; (122 bytes) @ 0x00000000034e4104 [0x00000000034e3d00+0x404]
J 2994 C1 org.gradle.internal.classloader.FilteringClassLoader.loadClass(Ljava/lang/String;Z)Ljava/lang/Class; (62 bytes) @ 0x00000000035c4d64 [0x00000000035c4b80+0x1e4]
J 2276 C2 java.lang.ClassLoader.loadClass(Ljava/lang/String;Z)Ljava/lang/Class; (122 bytes) @ 0x00000000034e4000 [0x00000000034e3d00+0x300]
J 3000 C1 org.gradle.internal.classloader.CachingClassLoader.loadClass(Ljava/lang/String;Z)Ljava/lang/Class; (85 bytes) @ 0x00000000035c97d4 [0x00000000035c9520+0x2b4]
J 2276 C2 java.lang.ClassLoader.loadClass(Ljava/lang/String;Z)Ljava/lang/Class; (122 bytes) @ 0x00000000034e4000 [0x00000000034e3d00+0x300]
J 2217 C2 java.lang.ClassLoader.loadClass(Ljava/lang/String;)Ljava/lang/Class; (7 bytes) @ 0x0000000003496140 [0x0000000003496100+0x40]
v  ~StubRoutines::call_stub
j  com.android.build.gradle.internal.TaskManager.createProcessAndroidResourcesConfigAction(Lcom/android/build/gradle/internal/scope/VariantScope;Ljava/util/function/Supplier;Ljava/io/File;ZLcom/android/build/gradle/internal/TaskManager$MergeType;Ljava/lang/String;)Lcom/android/build/gradle/internal/scope/TaskConfigAction;+0
j  com.android.build.gradle.internal.TaskManager.createNonNamespacedResourceTasks(Lcom/android/build/gradle/internal/scope/VariantScope;Ljava/io/File;Lcom/android/build/gradle/internal/scope/InternalArtifactType;Lcom/android/build/gradle/internal/TaskManager$MergeType;Ljava/lang/String;Z)V+124
j  com.android.build.gradle.internal.TaskManager.createProcessResTask(Lcom/android/build/gradle/internal/scope/VariantScope;Ljava/io/File;Lcom/android/build/gradle/internal/scope/InternalArtifactType;Lcom/android/build/gradle/internal/TaskManager$MergeType;Ljava/lang/String;)V+101
j  com.android.build.gradle.internal.TaskManager.createApkProcessResTask(Lcom/android/build/gradle/internal/scope/VariantScope;Lcom/android/build/gradle/internal/scope/InternalArtifactType;)V+60
j  com.android.build.gradle.internal.TaskManager.createApkProcessResTask(Lcom/android/build/gradle/internal/scope/VariantScope;)V+42
j  com.android.build.gradle.internal.ApplicationTaskManager.createTasksForVariantScope(Lcom/android/build/gradle/internal/scope/VariantScope;)V+104
j  com.android.build.gradle.internal.VariantManager.createTasksForVariantData(Lcom/android/build/gradle/internal/scope/VariantScope;)V+673
j  com.android.build.gradle.internal.VariantManager.lambda$createAndroidTasks$1(Lcom/android/build/gradle/internal/scope/VariantScope;)V+2
j  com.android.build.gradle.internal.VariantManager$$Lambda$164.call()V+8
j  com.android.builder.profile.ThreadRecorder.record(Lcom/google/wireless/android/sdk/stats/GradleBuildProfileSpan$ExecutionType;Ljava/lang/String;Ljava/lang/String;Lcom/android/builder/profile/Recorder$VoidBlock;)V+17
j  com.android.build.gradle.internal.VariantManager.createAndroidTasks()V+149
j  com.android.build.gradle.BasePlugin.lambda$createAndroidTasks$6()V+4
j  com.android.build.gradle.BasePlugin$$Lambda$102.call()V+4
j  com.android.builder.profile.ThreadRecorder.record(Lcom/google/wireless/android/sdk/stats/GradleBuildProfileSpan$ExecutionType;Ljava/lang/String;Ljava/lang/String;Lcom/android/builder/profile/Recorder$VoidBlock;)V+17
j  com.android.build.gradle.BasePlugin.createAndroidTasks()V+339
j  com.android.build.gradle.BasePlugin.lambda$null$4()V+1
j  com.android.build.gradle.BasePlugin$$Lambda$77.call()V+4
j  com.android.builder.profile.ThreadRecorder.record(Lcom/google/wireless/android/sdk/stats/GradleBuildProfileSpan$ExecutionType;Ljava/lang/String;Ljava/lang/String;Lcom/android/builder/profile/Recorder$VoidBlock;)V+17
j  com.android.build.gradle.BasePlugin.lambda$createTasks$5(Lorg/gradle/api/Project;)V+27
j  com.android.build.gradle.BasePlugin$$Lambda$76.execute(Ljava/lang/Object;)V+8
j  org.gradle.internal.event.BroadcastDispatch$ActionInvocationHandler.dispatch(Lorg/gradle/internal/dispatch/MethodInvocation;)V+27
j  org.gradle.internal.event.BroadcastDispatch$ActionInvocationHandler.dispatch(Ljava/lang/Object;)V+5
J 1012 C1 org.gradle.internal.event.AbstractBroadcastDispatch.dispatch(Lorg/gradle/internal/dispatch/MethodInvocation;Lorg/gradle/internal/dispatch/Dispatch;)V (53 bytes) @ 0x0000000002fb1afc [0x0000000002fb19e0+0x11c]
J 999 C1 org.gradle.internal.event.BroadcastDispatch$SingletonDispatch.dispatch(Ljava/lang/Object;)V (9 bytes) @ 0x0000000002fa3134 [0x0000000002fa2f00+0x234]
J 2038 C1 org.gradle.internal.event.AbstractBroadcastDispatch.dispatch(Lorg/gradle/internal/dispatch/MethodInvocation;Ljava/util/Iterator;)V (191 bytes) @ 0x00000000033bc9a4 [0x00000000033bc5e0+0x3c4]
J 2639 C1 org.gradle.internal.event.BroadcastDispatch$CompositeDispatch.dispatch(Ljava/lang/Object;)V (9 bytes) @ 0x0000000002cffed4 [0x0000000002cffbe0+0x2f4]
J 1016 C1 org.gradle.internal.event.ListenerBroadcast.dispatch(Ljava/lang/Object;)V (9 bytes) @ 0x0000000002fb4d7c [0x0000000002fb4b40+0x23c]
J 1001 C1 org.gradle.internal.dispatch.ProxyDispatchAdapter$DispatchingInvocationHandler.invoke(Ljava/lang/Object;Ljava/lang/reflect/Method;[Ljava/lang/Object;)Ljava/lang/Object; (185 bytes) @ 0x0000000002fabca4 [0x0000000002faab00+0x11a4]
j  com.sun.proxy.$Proxy25.afterEvaluate(Lorg/gradle/api/Project;Lorg/gradle/api/ProjectState;)V+20
j  org.gradle.configuration.project.LifecycleProjectEvaluator.notifyAfterEvaluate(Lorg/gradle/api/ProjectEvaluationListener;Lorg/gradle/api/internal/project/ProjectInternal;Lorg/gradle/api/internal/project/ProjectStateInternal;)V+3
j  org.gradle.configuration.project.LifecycleProjectEvaluator.doConfigure(Lorg/gradle/api/internal/project/ProjectInternal;Lorg/gradle/api/internal/project/ProjectStateInternal;)V+57
j  org.gradle.configuration.project.LifecycleProjectEvaluator.access$100(Lorg/gradle/configuration/project/LifecycleProjectEvaluator;Lorg/gradle/api/internal/project/ProjectInternal;Lorg/gradle/api/internal/project/ProjectStateInternal;)V+3
j  org.gradle.configuration.project.LifecycleProjectEvaluator$ConfigureProject.run(Lorg/gradle/internal/operations/BuildOperationContext;)V+12
j  org.gradle.internal.progress.DefaultBuildOperationExecutor$RunnableBuildOperationWorker.execute(Lorg/gradle/internal/operations/RunnableBuildOperation;Lorg/gradle/internal/operations/BuildOperationContext;)V+2
j  org.gradle.internal.progress.DefaultBuildOperationExecutor$RunnableBuildOperationWorker.execute(Lorg/gradle/internal/operations/BuildOperation;Lorg/gradle/internal/operations/BuildOperationContext;)V+6
j  org.gradle.internal.progress.DefaultBuildOperationExecutor.execute(Lorg/gradle/internal/operations/BuildOperation;Lorg/gradle/internal/operations/BuildOperationWorker;Lorg/gradle/internal/progress/DefaultBuildOperationExecutor$DefaultBuildOperationState;)V+177
j  org.gradle.internal.progress.DefaultBuildOperationExecutor.run(Lorg/gradle/internal/operations/RunnableBuildOperation;)V+20
j  org.gradle.configuration.project.LifecycleProjectEvaluator.evaluate(Lorg/gradle/api/internal/project/ProjectInternal;Lorg/gradle/api/internal/project/ProjectStateInternal;)V+30
j  org.gradle.api.internal.project.DefaultProject.evaluate()Lorg/gradle/api/internal/project/DefaultProject;+9
j  org.gradle.api.internal.project.DefaultProject.evaluate()Lorg/gradle/api/Project;+1
j  org.gradle.execution.TaskPathProjectEvaluator.configure(Lorg/gradle/api/internal/project/ProjectInternal;)V+21
j  org.gradle.execution.TaskPathProjectEvaluator.configureHierarchy(Lorg/gradle/api/internal/project/ProjectInternal;)V+41
j  org.gradle.configuration.DefaultBuildConfigurer.configure(Lorg/gradle/api/internal/GradleInternal;)V+45
j  org.gradle.initialization.DefaultGradleLauncher$ConfigureBuild.run(Lorg/gradle/internal/operations/BuildOperationContext;)V+40
j  org.gradle.internal.progress.DefaultBuildOperationExecutor$RunnableBuildOperationWorker.execute(Lorg/gradle/internal/operations/RunnableBuildOperation;Lorg/gradle/internal/operations/BuildOperationContext;)V+2
j  org.gradle.internal.progress.DefaultBuildOperationExecutor$RunnableBuildOperationWorker.execute(Lorg/gradle/internal/operations/BuildOperation;Lorg/gradle/internal/operations/BuildOperationContext;)V+6
j  org.gradle.internal.progress.DefaultBuildOperationExecutor.execute(Lorg/gradle/internal/operations/BuildOperation;Lorg/gradle/internal/operations/BuildOperationWorker;Lorg/gradle/internal/progress/DefaultBuildOperationExecutor$DefaultBuildOperationState;)V+177
j  org.gradle.internal.progress.DefaultBuildOperationExecutor.run(Lorg/gradle/internal/operations/RunnableBuildOperation;)V+20
j  org.gradle.initialization.DefaultGradleLauncher.configureBuild()V+23
j  org.gradle.initialization.DefaultGradleLauncher.doBuildStages(Lorg/gradle/initialization/DefaultGradleLauncher$Stage;)V+13
j  org.gradle.initialization.DefaultGradleLauncher.executeTasks()Lorg/gradle/api/internal/GradleInternal;+4
j  org.gradle.internal.invocation.GradleBuildController$1.call()Lorg/gradle/api/internal/GradleInternal;+7
j  org.gradle.internal.invocation.GradleBuildController$1.call()Ljava/lang/Object;+1
j  org.gradle.internal.work.DefaultWorkerLeaseService.withLocks(Ljava/lang/Iterable;Ljava/util/concurrent/Callable;)Ljava/lang/Object;+15
j  org.gradle.internal.invocation.GradleBuildController.doBuild(Ljava/util/concurrent/Callable;)Lorg/gradle/api/internal/GradleInternal;+52
j  org.gradle.internal.invocation.GradleBuildController.run()Lorg/gradle/api/internal/GradleInternal;+9
j  org.gradle.tooling.internal.provider.runner.ClientProvidedBuildActionRunner.run(Lorg/gradle/internal/invocation/BuildAction;Lorg/gradle/internal/invocation/BuildController;)V+77
j  org.gradle.launcher.exec.ChainingBuildActionRunner.run(Lorg/gradle/internal/invocation/BuildAction;Lorg/gradle/internal/invocation/BuildController;)V+34
j  org.gradle.launcher.exec.ChainingBuildActionRunner.run(Lorg/gradle/internal/invocation/BuildAction;Lorg/gradle/internal/invocation/BuildController;)V+34
j  org.gradle.tooling.internal.provider.ValidatingBuildActionRunner.run(Lorg/gradle/internal/invocation/BuildAction;Lorg/gradle/internal/invocation/BuildController;)V+6
j  org.gradle.launcher.exec.RunAsBuildOperationBuildActionRunner$1.run(Lorg/gradle/internal/operations/BuildOperationContext;)V+15
j  org.gradle.internal.progress.DefaultBuildOperationExecutor$RunnableBuildOperationWorker.execute(Lorg/gradle/internal/operations/RunnableBuildOperation;Lorg/gradle/internal/operations/BuildOperationContext;)V+2
j  org.gradle.internal.progress.DefaultBuildOperationExecutor$RunnableBuildOperationWorker.execute(Lorg/gradle/internal/operations/BuildOperation;Lorg/gradle/internal/operations/BuildOperationContext;)V+6
j  org.gradle.internal.progress.DefaultBuildOperationExecutor.execute(Lorg/gradle/internal/operations/BuildOperation;Lorg/gradle/internal/operations/BuildOperationWorker;Lorg/gradle/internal/progress/DefaultBuildOperationExecutor$DefaultBuildOperationState;)V+177
j  org.gradle.internal.progress.DefaultBuildOperationExecutor.run(Lorg/gradle/internal/operations/RunnableBuildOperation;)V+20
j  org.gradle.launcher.exec.RunAsBuildOperationBuildActionRunner.run(Lorg/gradle/internal/invocation/BuildAction;Lorg/gradle/internal/invocation/BuildController;)V+34
j  org.gradle.tooling.internal.provider.SubscribableBuildActionRunner.run(Lorg/gradle/internal/invocation/BuildAction;Lorg/gradle/internal/invocation/BuildController;)V+40
j  org.gradle.launcher.exec.InProcessBuildActionExecuter.execute(Lorg/gradle/internal/invocation/BuildAction;Lorg/gradle/initialization/BuildRequestContext;Lorg/gradle/launcher/exec/BuildActionParameters;Lorg/gradle/internal/service/ServiceRegistry;)Ljava/lang/Object;+81
j  org.gradle.launcher.exec.InProcessBuildActionExecuter.execute(Lorg/gradle/internal/invocation/BuildAction;Lorg/gradle/initialization/BuildRequestContext;Ljava/lang/Object;Lorg/gradle/internal/service/ServiceRegistry;)Ljava/lang/Object;+9
j  org.gradle.launcher.exec.BuildTreeScopeBuildActionExecuter.execute(Lorg/gradle/internal/invocation/BuildAction;Lorg/gradle/initialization/BuildRequestContext;Lorg/gradle/launcher/exec/BuildActionParameters;Lorg/gradle/internal/service/ServiceRegistry;)Ljava/lang/Object;+38
j  org.gradle.launcher.exec.BuildTreeScopeBuildActionExecuter.execute(Lorg/gradle/internal/invocation/BuildAction;Lorg/gradle/initialization/BuildRequestContext;Ljava/lang/Object;Lorg/gradle/internal/service/ServiceRegistry;)Ljava/lang/Object;+9
j  org.gradle.tooling.internal.provider.ContinuousBuildActionExecuter.execute(Lorg/gradle/internal/invocation/BuildAction;Lorg/gradle/initialization/BuildRequestContext;Lorg/gradle/launcher/exec/BuildActionParameters;Lorg/gradle/internal/service/ServiceRegistry;)Ljava/lang/Object;+63
j  org.gradle.tooling.internal.provider.ContinuousBuildActionExecuter.execute(Lorg/gradle/internal/invocation/BuildAction;Lorg/gradle/initialization/BuildRequestContext;Ljava/lang/Object;Lorg/gradle/internal/service/ServiceRegistry;)Ljava/lang/Object;+9
j  org.gradle.tooling.internal.provider.ServicesSetupBuildActionExecuter.execute(Lorg/gradle/internal/invocation/BuildAction;Lorg/gradle/initialization/BuildRequestContext;Lorg/gradle/launcher/exec/BuildActionParameters;Lorg/gradle/internal/service/ServiceRegistry;)Ljava/lang/Object;+86
j  org.gradle.tooling.internal.provider.ServicesSetupBuildActionExecuter.execute(Lorg/gradle/internal/invocation/BuildAction;Lorg/gradle/initialization/BuildRequestContext;Ljava/lang/Object;Lorg/gradle/internal/service/ServiceRegistry;)Ljava/lang/Object;+9
j  org.gradle.tooling.internal.provider.GradleThreadBuildActionExecuter.execute(Lorg/gradle/internal/invocation/BuildAction;Lorg/gradle/initialization/BuildRequestContext;Lorg/gradle/launcher/exec/BuildActionParameters;Lorg/gradle/internal/service/ServiceRegistry;)Ljava/lang/Object;+12
j  org.gradle.tooling.internal.provider.GradleThreadBuildActionExecuter.execute(Lorg/gradle/internal/invocation/BuildAction;Lorg/gradle/initialization/BuildRequestContext;Ljava/lang/Object;Lorg/gradle/internal/service/ServiceRegistry;)Ljava/lang/Object;+9
j  org.gradle.tooling.internal.provider.ParallelismConfigurationBuildActionExecuter.execute(Lorg/gradle/internal/invocation/BuildAction;Lorg/gradle/initialization/BuildRequestContext;Lorg/gradle/launcher/exec/BuildActionParameters;Lorg/gradle/internal/service/ServiceRegistry;)Ljava/lang/Object;+43
j  org.gradle.tooling.internal.provider.ParallelismConfigurationBuildActionExecuter.execute(Lorg/gradle/internal/invocation/BuildAction;Lorg/gradle/initialization/BuildRequestContext;Ljava/lang/Object;Lorg/gradle/internal/service/ServiceRegistry;)Ljava/lang/Object;+9
j  org.gradle.tooling.internal.provider.StartParamsValidatingActionExecuter.execute(Lorg/gradle/internal/invocation/BuildAction;Lorg/gradle/initialization/BuildRequestContext;Lorg/gradle/launcher/exec/BuildActionParameters;Lorg/gradle/internal/service/ServiceRegistry;)Ljava/lang/Object;+257
j  org.gradle.tooling.internal.provider.StartParamsValidatingActionExecuter.execute(Lorg/gradle/internal/invocation/BuildAction;Lorg/gradle/initialization/BuildRequestContext;Ljava/lang/Object;Lorg/gradle/internal/service/ServiceRegistry;)Ljava/lang/Object;+9
j  org.gradle.tooling.internal.provider.SessionFailureReportingActionExecuter.execute(Lorg/gradle/internal/invocation/BuildAction;Lorg/gradle/initialization/BuildRequestContext;Lorg/gradle/launcher/exec/BuildActionParameters;Lorg/gradle/internal/service/ServiceRegistry;)Ljava/lang/Object;+9
j  org.gradle.tooling.internal.provider.SessionFailureReportingActionExecuter.execute(Lorg/gradle/internal/invocation/BuildAction;Lorg/gradle/initialization/BuildRequestContext;Ljava/lang/Object;Lorg/gradle/internal/service/ServiceRegistry;)Ljava/lang/Object;+9
j  org.gradle.tooling.internal.provider.SetupLoggingActionExecuter.execute(Lorg/gradle/internal/invocation/BuildAction;Lorg/gradle/initialization/BuildRequestContext;Lorg/gradle/launcher/exec/BuildActionParameters;Lorg/gradle/internal/service/ServiceRegistry;)Ljava/lang/Object;+42
j  org.gradle.tooling.internal.provider.SetupLoggingActionExecuter.execute(Lorg/gradle/internal/invocation/BuildAction;Lorg/gradle/initialization/BuildRequestContext;Ljava/lang/Object;Lorg/gradle/internal/service/ServiceRegistry;)Ljava/lang/Object;+9
j  org.gradle.launcher.daemon.server.exec.ExecuteBuild.doBuild(Lorg/gradle/launcher/daemon/server/api/DaemonCommandExecution;Lorg/gradle/launcher/daemon/protocol/Build;)V+114
j  org.gradle.launcher.daemon.server.exec.BuildCommandOnly.execute(Lorg/gradle/launcher/daemon/server/api/DaemonCommandExecution;)V+49
j  org.gradle.launcher.daemon.server.api.DaemonCommandExecution.proceed()Z+28
j  org.gradle.launcher.daemon.server.exec.WatchForDisconnection.execute(Lorg/gradle/launcher/daemon/server/api/DaemonCommandExecution;)V+19
j  org.gradle.launcher.daemon.server.api.DaemonCommandExecution.proceed()Z+28
j  org.gradle.launcher.daemon.server.exec.ResetDeprecationLogger.execute(Lorg/gradle/launcher/daemon/server/api/DaemonCommandExecution;)V+4
j  org.gradle.launcher.daemon.server.api.DaemonCommandExecution.proceed()Z+28
j  org.gradle.launcher.daemon.server.exec.RequestStopIfSingleUsedDaemon.execute(Lorg/gradle/launcher/daemon/server/api/DaemonCommandExecution;)V+33
j  org.gradle.launcher.daemon.server.api.DaemonCommandExecution.proceed()Z+28
j  org.gradle.launcher.daemon.server.exec.ForwardClientInput$2.call()Ljava/lang/Void;+4
j  org.gradle.launcher.daemon.server.exec.ForwardClientInput$2.call()Ljava/lang/Object;+1
j  org.gradle.util.Swapper.swap(Ljava/lang/Object;Ljava/util/concurrent/Callable;)Ljava/lang/Object;+21
j  org.gradle.launcher.daemon.server.exec.ForwardClientInput.execute(Lorg/gradle/launcher/daemon/server/api/DaemonCommandExecution;)V+63
j  org.gradle.launcher.daemon.server.api.DaemonCommandExecution.proceed()Z+28
j  org.gradle.launcher.daemon.server.exec.LogAndCheckHealth.execute(Lorg/gradle/launcher/daemon/server/api/DaemonCommandExecution;)V+28
j  org.gradle.launcher.daemon.server.api.DaemonCommandExecution.proceed()Z+28
j  org.gradle.launcher.daemon.server.exec.LogToClient.doBuild(Lorg/gradle/launcher/daemon/server/api/DaemonCommandExecution;Lorg/gradle/launcher/daemon/protocol/Build;)V+87
j  org.gradle.launcher.daemon.server.exec.BuildCommandOnly.execute(Lorg/gradle/launcher/daemon/server/api/DaemonCommandExecution;)V+49
j  org.gradle.launcher.daemon.server.api.DaemonCommandExecution.proceed()Z+28
j  org.gradle.launcher.daemon.server.exec.EstablishBuildEnvironment.doBuild(Lorg/gradle/launcher/daemon/server/api/DaemonCommandExecution;Lorg/gradle/launcher/daemon/protocol/Build;)V+365
j  org.gradle.launcher.daemon.server.exec.BuildCommandOnly.execute(Lorg/gradle/launcher/daemon/server/api/DaemonCommandExecution;)V+49
j  org.gradle.launcher.daemon.server.api.DaemonCommandExecution.proceed()Z+28
j  org.gradle.launcher.daemon.server.exec.StartBuildOrRespondWithBusy$1.run()V+44
j  org.gradle.launcher.daemon.server.DaemonStateCoordinator$1.run()V+4
j  org.gradle.internal.concurrent.ExecutorPolicy$CatchAndRecordFailures.onExecute(Ljava/lang/Runnable;)V+1
j  org.gradle.internal.concurrent.ManagedExecutorImpl$1.run()V+25
j  java.util.concurrent.ThreadPoolExecutor.runWorker(Ljava/util/concurrent/ThreadPoolExecutor$Worker;)V+95
j  java.util.concurrent.ThreadPoolExecutor$Worker.run()V+5
j  org.gradle.internal.concurrent.ThreadFactoryImpl$ManagedThreadRunnable.run()V+7
j  java.lang.Thread.run()V+11
v  ~StubRoutines::call_stub

---------------  P R O C E S S  ---------------

Java Threads: ( => current thread )
  0x000000001c653000 JavaThread "Memory manager" [_thread_blocked, id=15564, stack(0x0000000020a20000,0x0000000020b20000)]
  0x000000001c650000 JavaThread "Build operations Thread 4" [_thread_blocked, id=5588, stack(0x0000000020320000,0x0000000020420000)]
  0x000000001c64f000 JavaThread "Build operations Thread 3" [_thread_blocked, id=3136, stack(0x0000000020220000,0x0000000020320000)]
  0x000000001c655000 JavaThread "Build operations Thread 2" [_thread_blocked, id=240, stack(0x0000000020120000,0x0000000020220000)]
  0x000000001c654800 JavaThread "Build operations" [_thread_blocked, id=4144, stack(0x000000001ff20000,0x0000000020020000)]
  0x000000001c651800 JavaThread "Cache worker for Artifact transforms cache (C:\Users\osiza\.gradle\caches\transforms-1)" [_thread_blocked, id=17688, stack(0x000000001fc20000,0x000000001fd20000)]
  0x000000001b616800 JavaThread "Cache worker for file hash cache (C:\Users\osiza\Downloads\BulletFalls\.gradle\4.6\fileHashes)" [_thread_blocked, id=17820, stack(0x000000001c100000,0x000000001c200000)]
  0x0000000019536000 JavaThread "File lock request listener" [_thread_in_native, id=16268, stack(0x000000001b030000,0x000000001b130000)]
  0x00000000192b1800 JavaThread "Cache worker for file hash cache (C:\Users\osiza\.gradle\caches\4.6\fileHashes)" [_thread_blocked, id=3976, stack(0x000000001af30000,0x000000001b030000)]
  0x00000000194ae000 JavaThread "Stdin handler" [_thread_blocked, id=5316, stack(0x000000001ac30000,0x000000001ad30000)]
  0x00000000194ab000 JavaThread "Asynchronous log dispatcher for DefaultDaemonConnection: socket connection from /127.0.0.1:13434 to /127.0.0.1:13435" [_thread_blocked, id=14768, stack(0x000000001ab30000,0x000000001ac30000)]
=>0x00000000194a1000 JavaThread "Daemon worker" [_thread_in_vm, id=14872, stack(0x000000001aa30000,0x000000001ab30000)]
  0x00000000194a9800 JavaThread "Cancel handler" [_thread_blocked, id=12756, stack(0x000000001a930000,0x000000001aa30000)]
  0x0000000019808800 JavaThread "Handler for socket connection from /127.0.0.1:13434 to /127.0.0.1:13435" [_thread_in_native, id=11940, stack(0x000000001a630000,0x000000001a730000)]
  0x00000000193d8800 JavaThread "Daemon" [_thread_blocked, id=14516, stack(0x000000001a530000,0x000000001a630000)]
  0x00000000193c1000 JavaThread "Daemon periodic checks" [_thread_blocked, id=14836, stack(0x000000001a430000,0x000000001a530000)]
  0x00000000191d6000 JavaThread "Incoming local TCP Connector on port 13434" [_thread_in_native, id=9912, stack(0x000000001a1e0000,0x000000001a2e0000)]
  0x0000000017ef8800 JavaThread "Service Thread" daemon [_thread_blocked, id=14908, stack(0x00000000182d0000,0x00000000183d0000)]
  0x0000000016569800 JavaThread "C1 CompilerThread2" daemon [_thread_blocked, id=12828, stack(0x0000000017dd0000,0x0000000017ed0000)]
  0x0000000016562800 JavaThread "C2 CompilerThread1" daemon [_thread_in_native, id=17728, stack(0x0000000017cd0000,0x0000000017dd0000)]
  0x000000001655e800 JavaThread "C2 CompilerThread0" daemon [_thread_in_native, id=10032, stack(0x0000000017bd0000,0x0000000017cd0000)]
  0x000000001655d000 JavaThread "Attach Listener" daemon [_thread_blocked, id=4900, stack(0x0000000017ad0000,0x0000000017bd0000)]
  0x000000001655b800 JavaThread "Signal Dispatcher" daemon [_thread_blocked, id=14480, stack(0x00000000179d0000,0x0000000017ad0000)]
  0x0000000002bec800 JavaThread "Finalizer" daemon [_thread_blocked, id=16888, stack(0x00000000177c0000,0x00000000178c0000)]
  0x0000000002be1800 JavaThread "Reference Handler" daemon [_thread_blocked, id=6520, stack(0x00000000176c0000,0x00000000177c0000)]
  0x0000000002af2800 JavaThread "main" [_thread_blocked, id=17748, stack(0x00000000029a0000,0x0000000002aa0000)]

Other Threads:
  0x0000000016525000 VMThread [stack: 0x00000000175c0000,0x00000000176c0000] [id=14796]
  0x0000000016579800 WatcherThread [stack: 0x00000000183d0000,0x00000000184d0000] [id=12656]

VM state:not at safepoint (normal execution)

VM Mutex/Monitor currently owned by a thread: None

Heap:
 PSYoungGen      total 119296K, used 23797K [0x00000000e0000000, 0x00000000e7f80000, 0x0000000100000000)
  eden space 108032K, 11% used [0x00000000e0000000,0x00000000e0c3da90,0x00000000e6980000)
  from space 11264K, 99% used [0x00000000e6980000,0x00000000e747fc08,0x00000000e7480000)
  to   space 8192K, 0% used [0x00000000e7780000,0x00000000e7780000,0x00000000e7f80000)
 ParOldGen       total 84480K, used 21434K [0x00000000a0000000, 0x00000000a5280000, 0x00000000e0000000)
  object space 84480K, 25% used [0x00000000a0000000,0x00000000a14eeae0,0x00000000a5280000)
 Metaspace       used 50688K, capacity 51928K, committed 52008K, reserved 1093632K
  class space    used 6827K, capacity 7183K, committed 7216K, reserved 1048576K

Card table byte_map: [0x0000000011fb0000,0x00000000122c0000] byte_map_base: 0x0000000011ab0000

Marking Bits: (ParMarkBitMap*) 0x0000000066035aa0
 Begin Bits: [0x00000000128c0000, 0x00000000140c0000)
 End Bits:   [0x00000000140c0000, 0x00000000158c0000)

Polling page: 0x0000000000c90000

CodeCache: size=245760Kb used=16636Kb max_used=16636Kb free=229123Kb
 bounds [0x0000000002bf0000, 0x0000000003c40000, 0x0000000011bf0000]
 total_blobs=5523 nmethods=4761 adapters=674
 compilation: enabled

Compilation events (10 events):
Event: 14.562 Thread 0x0000000016569800 5101   !   3       java.lang.invoke.MethodHandleNatives::linkMethodHandleConstant (154 bytes)
Event: 14.563 Thread 0x0000000016569800 nmethod 5101 0x0000000003c35a90 code [0x0000000003c35ce0, 0x0000000003c368d8]
Event: 14.563 Thread 0x0000000016569800 5102       3       java.lang.invoke.MethodHandles$Lookup::linkMethodHandleConstant (185 bytes)
Event: 14.564 Thread 0x0000000016569800 nmethod 5102 0x0000000003c36f10 code [0x0000000003c371c0, 0x0000000003c38678]
Event: 14.564 Thread 0x0000000016569800 5105       3       jdk.internal.org.objectweb.asm.AnnotationWriter::put (109 bytes)
Event: 14.565 Thread 0x0000000016569800 nmethod 5105 0x0000000003c38cd0 code [0x0000000003c38e80, 0x0000000003c39338]
Event: 14.565 Thread 0x0000000016569800 5103       3       java.lang.invoke.LambdaForm$MH/1806585605::linkToTargetMethod (9 bytes)
Event: 14.565 Thread 0x0000000016569800 nmethod 5103 0x0000000003c395d0 code [0x0000000003c39740, 0x0000000003c39bd8]
Event: 14.565 Thread 0x0000000016569800 5104       3       java.lang.invoke.LambdaForm$DMH/1856426318::invokeStatic_L_L (14 bytes)
Event: 14.565 Thread 0x0000000016569800 nmethod 5104 0x0000000003c39cd0 code [0x0000000003c39e60, 0x0000000003c3a3b8]

GC Heap History (10 events):
Event: 10.670 GC heap before
{Heap before GC invocations=9 (full 1):
 PSYoungGen      total 69632K, used 65828K [0x00000000e0000000, 0x00000000e6280000, 0x0000000100000000)
  eden space 59392K, 100% used [0x00000000e0000000,0x00000000e3a00000,0x00000000e3a00000)
  from space 10240K, 62% used [0x00000000e3a00000,0x00000000e4049070,0x00000000e4400000)
  to   space 9728K, 0% used [0x00000000e5900000,0x00000000e5900000,0x00000000e6280000)
 ParOldGen       total 58880K, used 8346K [0x00000000a0000000, 0x00000000a3980000, 0x00000000e0000000)
  object space 58880K, 14% used [0x00000000a0000000,0x00000000a0826a88,0x00000000a3980000)
 Metaspace       used 32460K, capacity 32944K, committed 33200K, reserved 1077248K
  class space    used 4547K, capacity 4709K, committed 4784K, reserved 1048576K
Event: 10.681 GC heap after
Heap after GC invocations=9 (full 1):
 PSYoungGen      total 89600K, used 9724K [0x00000000e0000000, 0x00000000e6e00000, 0x0000000100000000)
  eden space 79872K, 0% used [0x00000000e0000000,0x00000000e0000000,0x00000000e4e00000)
  from space 9728K, 99% used [0x00000000e5900000,0x00000000e627f380,0x00000000e6280000)
  to   space 11264K, 0% used [0x00000000e4e00000,0x00000000e4e00000,0x00000000e5900000)
 ParOldGen       total 58880K, used 8354K [0x00000000a0000000, 0x00000000a3980000, 0x00000000e0000000)
  object space 58880K, 14% used [0x00000000a0000000,0x00000000a0828a88,0x00000000a3980000)
 Metaspace       used 32460K, capacity 32944K, committed 33200K, reserved 1077248K
  class space    used 4547K, capacity 4709K, committed 4784K, reserved 1048576K
}
Event: 10.941 GC heap before
{Heap before GC invocations=10 (full 1):
 PSYoungGen      total 89600K, used 24451K [0x00000000e0000000, 0x00000000e6e00000, 0x0000000100000000)
  eden space 79872K, 18% used [0x00000000e0000000,0x00000000e0e61b50,0x00000000e4e00000)
  from space 9728K, 99% used [0x00000000e5900000,0x00000000e627f380,0x00000000e6280000)
  to   space 11264K, 0% used [0x00000000e4e00000,0x00000000e4e00000,0x00000000e5900000)
 ParOldGen       total 58880K, used 8354K [0x00000000a0000000, 0x00000000a3980000, 0x00000000e0000000)
  object space 58880K, 14% used [0x00000000a0000000,0x00000000a0828a88,0x00000000a3980000)
 Metaspace       used 34887K, capacity 35404K, committed 35496K, reserved 1079296K
  class space    used 4822K, capacity 4998K, committed 5040K, reserved 1048576K
Event: 10.950 GC heap after
Heap after GC invocations=10 (full 1):
 PSYoungGen      total 91136K, used 8373K [0x00000000e0000000, 0x00000000e8280000, 0x0000000100000000)
  eden space 79872K, 0% used [0x00000000e0000000,0x00000000e0000000,0x00000000e4e00000)
  from space 11264K, 74% used [0x00000000e4e00000,0x00000000e562d648,0x00000000e5900000)
  to   space 11264K, 0% used [0x00000000e7780000,0x00000000e7780000,0x00000000e8280000)
 ParOldGen       total 58880K, used 8362K [0x00000000a0000000, 0x00000000a3980000, 0x00000000e0000000)
  object space 58880K, 14% used [0x00000000a0000000,0x00000000a082aa88,0x00000000a3980000)
 Metaspace       used 34887K, capacity 35404K, committed 35496K, reserved 1079296K
  class space    used 4822K, capacity 4998K, committed 5040K, reserved 1048576K
}
Event: 10.950 GC heap before
{Heap before GC invocations=11 (full 2):
 PSYoungGen      total 91136K, used 8373K [0x00000000e0000000, 0x00000000e8280000, 0x0000000100000000)
  eden space 79872K, 0% used [0x00000000e0000000,0x00000000e0000000,0x00000000e4e00000)
  from space 11264K, 74% used [0x00000000e4e00000,0x00000000e562d648,0x00000000e5900000)
  to   space 11264K, 0% used [0x00000000e7780000,0x00000000e7780000,0x00000000e8280000)
 ParOldGen       total 58880K, used 8362K [0x00000000a0000000, 0x00000000a3980000, 0x00000000e0000000)
  object space 58880K, 14% used [0x00000000a0000000,0x00000000a082aa88,0x00000000a3980000)
 Metaspace       used 34887K, capacity 35404K, committed 35496K, reserved 1079296K
  class space    used 4822K, capacity 4998K, committed 5040K, reserved 1048576K
Event: 11.030 GC heap after
Heap after GC invocations=11 (full 2):
 PSYoungGen      total 91136K, used 0K [0x00000000e0000000, 0x00000000e8280000, 0x0000000100000000)
  eden space 79872K, 0% used [0x00000000e0000000,0x00000000e0000000,0x00000000e4e00000)
  from space 11264K, 0% used [0x00000000e4e00000,0x00000000e4e00000,0x00000000e5900000)
  to   space 11264K, 0% used [0x00000000e7780000,0x00000000e7780000,0x00000000e8280000)
 ParOldGen       total 84480K, used 14919K [0x00000000a0000000, 0x00000000a5280000, 0x00000000e0000000)
  object space 84480K, 17% used [0x00000000a0000000,0x00000000a0e91fb8,0x00000000a5280000)
 Metaspace       used 34887K, capacity 35404K, committed 35496K, reserved 1079296K
  class space    used 4822K, capacity 4998K, committed 5040K, reserved 1048576K
}
Event: 12.041 GC heap before
{Heap before GC invocations=12 (full 2):
 PSYoungGen      total 91136K, used 79872K [0x00000000e0000000, 0x00000000e8280000, 0x0000000100000000)
  eden space 79872K, 100% used [0x00000000e0000000,0x00000000e4e00000,0x00000000e4e00000)
  from space 11264K, 0% used [0x00000000e4e00000,0x00000000e4e00000,0x00000000e5900000)
  to   space 11264K, 0% used [0x00000000e7780000,0x00000000e7780000,0x00000000e8280000)
 ParOldGen       total 84480K, used 14919K [0x00000000a0000000, 0x00000000a5280000, 0x00000000e0000000)
  object space 84480K, 17% used [0x00000000a0000000,0x00000000a0e91fb8,0x00000000a5280000)
 Metaspace       used 39362K, capacity 40040K, committed 40232K, reserved 1083392K
  class space    used 5364K, capacity 5596K, committed 5680K, reserved 1048576K
Event: 12.057 GC heap after
Heap after GC invocations=12 (full 2):
 PSYoungGen      total 116224K, used 7987K [0x00000000e0000000, 0x00000000e7f80000, 0x0000000100000000)
  eden space 108032K, 0% used [0x00000000e0000000,0x00000000e0000000,0x00000000e6980000)
  from space 8192K, 97% used [0x00000000e7780000,0x00000000e7f4cf60,0x00000000e7f80000)
  to   space 11264K, 0% used [0x00000000e6980000,0x00000000e6980000,0x00000000e7480000)
 ParOldGen       total 84480K, used 14927K [0x00000000a0000000, 0x00000000a5280000, 0x00000000e0000000)
  object space 84480K, 17% used [0x00000000a0000000,0x00000000a0e93fb8,0x00000000a5280000)
 Metaspace       used 39362K, capacity 40040K, committed 40232K, reserved 1083392K
  class space    used 5364K, capacity 5596K, committed 5680K, reserved 1048576K
}
Event: 14.320 GC heap before
{Heap before GC invocations=13 (full 2):
 PSYoungGen      total 116224K, used 116019K [0x00000000e0000000, 0x00000000e7f80000, 0x0000000100000000)
  eden space 108032K, 100% used [0x00000000e0000000,0x00000000e6980000,0x00000000e6980000)
  from space 8192K, 97% used [0x00000000e7780000,0x00000000e7f4cf60,0x00000000e7f80000)
  to   space 11264K, 0% used [0x00000000e6980000,0x00000000e6980000,0x00000000e7480000)
 ParOldGen       total 84480K, used 14927K [0x00000000a0000000, 0x00000000a5280000, 0x00000000e0000000)
  object space 84480K, 17% used [0x00000000a0000000,0x00000000a0e93fb8,0x00000000a5280000)
 Metaspace       used 49658K, capacity 50758K, committed 51112K, reserved 1093632K
  class space    used 6651K, capacity 6982K, committed 7088K, reserved 1048576K
Event: 14.354 GC heap after
Heap after GC invocations=13 (full 2):
 PSYoungGen      total 119296K, used 11263K [0x00000000e0000000, 0x00000000e7f80000, 0x0000000100000000)
  eden space 108032K, 0% used [0x00000000e0000000,0x00000000e0000000,0x00000000e6980000)
  from space 11264K, 99% used [0x00000000e6980000,0x00000000e747fc08,0x00000000e7480000)
  to   space 8192K, 0% used [0x00000000e7780000,0x00000000e7780000,0x00000000e7f80000)
 ParOldGen       total 84480K, used 21434K [0x00000000a0000000, 0x00000000a5280000, 0x00000000e0000000)
  object space 84480K, 25% used [0x00000000a0000000,0x00000000a14eeae0,0x00000000a5280000)
 Metaspace       used 49658K, capacity 50758K, committed 51112K, reserved 1093632K
  class space    used 6651K, capacity 6982K, committed 7088K, reserved 1048576K
}

Deoptimization events (10 events):
Event: 13.172 Thread 0x00000000194a1000 Uncommon trap: reason=class_check action=maybe_recompile pc=0x000000000317adc0 method=java.io.DataInputStream.readUnsignedShort()I @ 4
Event: 13.440 Thread 0x00000000194a1000 Uncommon trap: reason=unstable_if action=reinterpret pc=0x00000000034883a8 method=java.util.regex.Pattern$BmpCharProperty.match(Ljava/util/regex/Matcher;ILjava/lang/CharSequence;)Z @ 34
Event: 13.682 Thread 0x00000000194a1000 Uncommon trap: reason=unstable_if action=reinterpret pc=0x0000000003a9db8c method=com.sun.org.apache.xerces.internal.impl.io.UTF8Reader.read([CII)I @ 131
Event: 13.683 Thread 0x00000000194a1000 Uncommon trap: reason=unstable_if action=reinterpret pc=0x0000000003a909e8 method=com.sun.org.apache.xerces.internal.impl.io.UTF8Reader.read([CII)I @ 131
Event: 13.684 Thread 0x00000000194a1000 Uncommon trap: reason=unstable_if action=reinterpret pc=0x0000000003a38338 method=java.util.regex.Pattern$BitClass.isSatisfiedBy(I)Z @ 4
Event: 13.684 Thread 0x00000000194a1000 Uncommon trap: reason=unstable_if action=reinterpret pc=0x0000000003a0228c method=java.util.regex.Pattern$Ctype.isSatisfiedBy(I)Z @ 4
Event: 13.917 Thread 0x00000000194a1000 Uncommon trap: reason=unstable_if action=reinterpret pc=0x0000000003a997d4 method=com.sun.org.apache.xerces.internal.impl.XMLEntityScanner.scanContent(Lcom/sun/org/apache/xerces/internal/xni/XMLString;)I @ 44
Event: 13.921 Thread 0x00000000194a1000 Uncommon trap: reason=unstable_if action=reinterpret pc=0x00000000039e3574 method=com.sun.org.apache.xerces.internal.impl.XMLEntityScanner.checkBeforeLoad(Lcom/sun/xml/internal/stream/Entity$ScannedEntity;II)I @ 18
Event: 14.525 Thread 0x00000000194a1000 Uncommon trap: reason=class_check action=maybe_recompile pc=0x000000000341e198 method=java.io.BufferedInputStream.read1([BII)I @ 39
Event: 14.525 Thread 0x00000000194a1000 Uncommon trap: reason=class_check action=maybe_recompile pc=0x000000000341cf18 method=java.io.BufferedInputStream.read1([BII)I @ 39

Classes redefined (0 events):
No events

Internal exceptions (10 events):
Event: 13.870 Thread 0x00000000194a1000 Exception <a 'sun/nio/fs/WindowsException'> (0x00000000e5e29c50) thrown at [D:\src\AOSP-openjdk-cygwin\jdk8u\hotspot\src\share\vm\prims\jni.cpp, line 709]
Event: 13.871 Thread 0x00000000194a1000 Exception <a 'sun/nio/fs/WindowsException'> (0x00000000e5e2ca98) thrown at [D:\src\AOSP-openjdk-cygwin\jdk8u\hotspot\src\share\vm\prims\jni.cpp, line 709]
Event: 13.871 Thread 0x00000000194a1000 Exception <a 'sun/nio/fs/WindowsException'> (0x00000000e5e2d758) thrown at [D:\src\AOSP-openjdk-cygwin\jdk8u\hotspot\src\share\vm\prims\jni.cpp, line 709]
Event: 13.871 Thread 0x00000000194a1000 Exception <a 'sun/nio/fs/WindowsException'> (0x00000000e5e2f460) thrown at [D:\src\AOSP-openjdk-cygwin\jdk8u\hotspot\src\share\vm\prims\jni.cpp, line 709]
Event: 13.871 Thread 0x00000000194a1000 Exception <a 'sun/nio/fs/WindowsException'> (0x00000000e5e30158) thrown at [D:\src\AOSP-openjdk-cygwin\jdk8u\hotspot\src\share\vm\prims\jni.cpp, line 709]
Event: 13.957 Thread 0x00000000194a1000 Exception <a 'java/lang/NoSuchMethodError': java.lang.Object.lambda$comparing$77a9974f$1(Ljava/util/function/Function;Ljava/lang/Object;Ljava/lang/Object;)I> (0x00000000e5ff1870) thrown at [D:\src\AOSP-openjdk-cygwin\jdk8u\hotspot\src\share\vm\interpreter
Event: 13.959 Thread 0x00000000194a1000 Exception <a 'java/lang/NoSuchMethodError': java.lang.Object.lambda$thenComparing$36697e65$1(Ljava/util/Comparator;Ljava/lang/Object;Ljava/lang/Object;)I> (0x00000000e5ffcef0) thrown at [D:\src\AOSP-openjdk-cygwin\jdk8u\hotspot\src\share\vm\interpreter\li
Event: 14.014 Thread 0x00000000194a1000 Exception <a 'java/lang/NoSuchMethodError': java.lang.Object.lambda$maxBy$1(Ljava/util/Comparator;Ljava/lang/Object;Ljava/lang/Object;)Ljava/lang/Object;> (0x00000000e614cca8) thrown at [D:\src\AOSP-openjdk-cygwin\jdk8u\hotspot\src\share\vm\interpreter\li
Event: 14.275 Thread 0x00000000194a1000 Exception <a 'java/lang/ClassNotFoundException': org/gradle/api/plugins/BasePluginConventionBeanInfo> (0x00000000e67dba40) thrown at [D:\src\AOSP-openjdk-cygwin\jdk8u\hotspot\src\share\vm\classfile\systemDictionary.cpp, line 210]
Event: 14.275 Thread 0x00000000194a1000 Exception <a 'java/lang/ClassNotFoundException': org/gradle/api/plugins/BasePluginConventionCustomizer> (0x00000000e6800390) thrown at [D:\src\AOSP-openjdk-cygwin\jdk8u\hotspot\src\share\vm\classfile\systemDictionary.cpp, line 210]

Events (10 events):
Event: 14.566 loading class com/android/build/gradle/tasks/SplitsDiscovery
Event: 14.566 loading class com/android/build/gradle/tasks/SplitsDiscovery done
Event: 14.568 loading class com/android/build/gradle/tasks/SplitsDiscovery$DiscoverableFilterType
Event: 14.568 loading class com/android/build/gradle/tasks/SplitsDiscovery$DiscoverableFilterType done
Event: 14.569 loading class com/android/build/gradle/internal/scope/SplitList$Filter
Event: 14.569 loading class com/android/build/gradle/internal/scope/SplitList$Filter done
Event: 14.574 loading class com/android/build/gradle/internal/res/LinkApplicationAndroidResourcesTask$ConfigAction
Event: 14.574 loading class com/android/build/gradle/internal/res/LinkApplicationAndroidResourcesTask$ConfigAction done
Event: 14.575 loading class com/android/build/gradle/tasks/ProcessAndroidResources
Event: 14.575 loading class com/android/build/gradle/tasks/ProcessAndroidResources done


Dynamic libraries:
0x00007ff7c6b90000 - 0x00007ff7c6bc1000 	C:\Program Files\Android\Android Studio\jre\bin\java.exe
0x00007fff371a0000 - 0x00007fff37381000 	C:\WINDOWS\SYSTEM32\ntdll.dll
0x00007fff34640000 - 0x00007fff346f2000 	C:\WINDOWS\System32\KERNEL32.DLL
0x00007fff33910000 - 0x00007fff33b83000 	C:\WINDOWS\System32\KERNELBASE.dll
0x00007fff34f60000 - 0x00007fff35001000 	C:\WINDOWS\System32\ADVAPI32.dll
0x00007fff34b50000 - 0x00007fff34bee000 	C:\WINDOWS\System32\msvcrt.dll
0x00007fff34c60000 - 0x00007fff34cbb000 	C:\WINDOWS\System32\sechost.dll
0x00007fff35ad0000 - 0x00007fff35bf4000 	C:\WINDOWS\System32\RPCRT4.dll
0x00007fff35870000 - 0x00007fff35a00000 	C:\WINDOWS\System32\USER32.dll
0x00007fff34420000 - 0x00007fff34440000 	C:\WINDOWS\System32\win32u.dll
0x00007fff35810000 - 0x00007fff35838000 	C:\WINDOWS\System32\GDI32.dll
0x00007fff33610000 - 0x00007fff337a2000 	C:\WINDOWS\System32\gdi32full.dll
0x00007fff33570000 - 0x00007fff3360f000 	C:\WINDOWS\System32\msvcp_win.dll
0x00007fff33810000 - 0x00007fff3390a000 	C:\WINDOWS\System32\ucrtbase.dll
0x00007fff1e7a0000 - 0x00007fff1ea09000 	C:\WINDOWS\WinSxS\amd64_microsoft.windows.common-controls_6595b64144ccf1df_6.0.17134.345_none_fb429a5930656358\COMCTL32.dll
0x00007fff35010000 - 0x00007fff35333000 	C:\WINDOWS\System32\combase.dll
0x00007fff343a0000 - 0x00007fff3441a000 	C:\WINDOWS\System32\bcryptPrimitives.dll
0x00007fff35840000 - 0x00007fff3586d000 	C:\WINDOWS\System32\IMM32.DLL
0x00000000656b0000 - 0x0000000065782000 	C:\Program Files\Android\Android Studio\jre\jre\bin\msvcr100.dll
0x0000000065870000 - 0x00000000660b1000 	C:\Program Files\Android\Android Studio\jre\jre\bin\server\jvm.dll
0x00007fff34f50000 - 0x00007fff34f58000 	C:\WINDOWS\System32\PSAPI.DLL
0x00007fff25720000 - 0x00007fff25729000 	C:\WINDOWS\SYSTEM32\WSOCK32.dll
0x00007fff311b0000 - 0x00007fff311ba000 	C:\WINDOWS\SYSTEM32\VERSION.dll
0x00007fff34bf0000 - 0x00007fff34c5c000 	C:\WINDOWS\System32\WS2_32.dll
0x00007fff30bb0000 - 0x00007fff30bd3000 	C:\WINDOWS\SYSTEM32\WINMM.dll
0x00007fff30b80000 - 0x00007fff30baa000 	C:\WINDOWS\SYSTEM32\winmmbase.dll
0x00007fff34350000 - 0x00007fff34399000 	C:\WINDOWS\System32\cfgmgr32.dll
0x00007fff2a150000 - 0x00007fff2a15f000 	C:\Program Files\Android\Android Studio\jre\jre\bin\verify.dll
0x00007fff1eb90000 - 0x00007fff1ebb9000 	C:\Program Files\Android\Android Studio\jre\jre\bin\java.dll
0x00007fff1ec30000 - 0x00007fff1ec46000 	C:\Program Files\Android\Android Studio\jre\jre\bin\zip.dll
0x00007fff35c00000 - 0x00007fff3703f000 	C:\WINDOWS\System32\SHELL32.dll
0x00007fff37040000 - 0x00007fff370e9000 	C:\WINDOWS\System32\shcore.dll
0x00007fff33c40000 - 0x00007fff3434d000 	C:\WINDOWS\System32\windows.storage.dll
0x00007fff34e60000 - 0x00007fff34eb1000 	C:\WINDOWS\System32\shlwapi.dll
0x00007fff33550000 - 0x00007fff33561000 	C:\WINDOWS\System32\kernel.appcore.dll
0x00007fff33510000 - 0x00007fff3352f000 	C:\WINDOWS\System32\profapi.dll
0x00007fff334b0000 - 0x00007fff334fc000 	C:\WINDOWS\System32\powrprof.dll
0x00007fff33500000 - 0x00007fff3350a000 	C:\WINDOWS\System32\FLTLIB.DLL
0x00007fff1e6a0000 - 0x00007fff1e6ba000 	C:\Program Files\Android\Android Studio\jre\jre\bin\net.dll
0x00007fff32d30000 - 0x00007fff32d96000 	C:\WINDOWS\system32\mswsock.dll
0x00007fff1dd10000 - 0x00007fff1dd21000 	C:\Program Files\Android\Android Studio\jre\jre\bin\nio.dll
0x00007fff24d90000 - 0x00007fff24dae000 	C:\Users\osiza\.gradle\native\25\windows-amd64\native-platform.dll
0x00007fff29110000 - 0x00007fff2911d000 	C:\Program Files\Android\Android Studio\jre\jre\bin\management.dll
0x00007fff32ee0000 - 0x00007fff32ef7000 	C:\WINDOWS\SYSTEM32\CRYPTSP.dll
0x00007fff32910000 - 0x00007fff32943000 	C:\WINDOWS\system32\rsaenh.dll
0x00007fff33010000 - 0x00007fff33035000 	C:\WINDOWS\SYSTEM32\bcrypt.dll
0x00007fff333e0000 - 0x00007fff33408000 	C:\WINDOWS\SYSTEM32\USERENV.dll
0x00007fff32f00000 - 0x00007fff32f0b000 	C:\WINDOWS\SYSTEM32\CRYPTBASE.dll
0x00007fff32ab0000 - 0x00007fff32ae8000 	C:\WINDOWS\SYSTEM32\IPHLPAPI.DLL
0x00007fff34630000 - 0x00007fff34638000 	C:\WINDOWS\System32\NSI.dll
0x00007fff2ccc0000 - 0x00007fff2ccd6000 	C:\WINDOWS\SYSTEM32\dhcpcsvc6.DLL
0x00007fff2cca0000 - 0x00007fff2ccba000 	C:\WINDOWS\SYSTEM32\dhcpcsvc.DLL

VM Arguments:
jvm_args: -Xmx1536m -Dfile.encoding=windows-1250 -Duser.country=PL -Duser.language=pl -Duser.variant 
java_command: org.gradle.launcher.daemon.bootstrap.GradleDaemon 4.6
java_class_path (initial): C:\Users\osiza\.gradle\wrapper\dists\gradle-4.6-all\bcst21l2brirad8k2ben1letg\gradle-4.6\lib\gradle-launcher-4.6.jar
Launcher Type: SUN_STANDARD

Environment Variables:
PATH=C:\Program Files (x86)\Common Files\Oracle\Java\javapath;C:\Program Files\Microsoft MPI\Bin\;C:\oraclexe\app\oracle\product\11.2.0\server\bin;C:\ProgramData\Oracle\Java\javapath;C:\app\client\osiza\product\12.1.0\client_3;C:\app\client\osiza\product\12.1.0\client_3\bin;C:\app\client\osiza\product\12.1.0\client_2;C:\app\client\osiza\product\12.1.0\client_2\bin;C:\app\client\osiza\product\12.1.0\client_1;C:\app\client\osiza\product\12.1.0\client_1\bin;C:\WINDOWS\system32;C:\WINDOWS;C:\WINDOWS\System32\Wbem;C:\WINDOWS\System32\WindowsPowerShell\v1.0\;C:\Program Files (x86)\Common Files\lenovo\easyplussdk\bin;C:\Program Files\Microsoft SQL Server\130\Tools\Binn\;C:\Program Files\SQL Anywhere 12\bin64;C:\Program Files\SQL Anywhere 12\bin32;C:\Program Files\Java\jdk1.8.0_121\bin;C:\Program Files (x86)\Skype\Phone\;C:\Program Files\dotnet\;C:\Program Files\Git\cmd;C:\Program Files (x86)\GtkSharp\2.12\bin;C:\Program Files\MiKTeX 2.9\miktex\bin\x64\;C:\Program Files (x86)\Microsoft SQL Server\Client SDK\ODBC\130\Tools\Binn\;C:\Program Files (x86)\Microsoft SQL Server\140\Tools\Binn\;C:\Program Files (x86)\Microsoft SQL Server\140\DTS\Binn\;C:\Program Files (x86)\Microsoft SQL Server\140\Tools\Binn\ManagementStudio\;C:\WINDOWS\System32\OpenSSH\;C:\Users\osiza\AppData\Local\Microsoft\WindowsApps;C:\Users\osiza\AppData\Local\GitHubDesktop\bin;C:\Users\osiza\AppData\Local\atom\bin;C:\Users\osiza\AppData\Local\Microsoft\WindowsApps;
USERNAME=osiza
OS=Windows_NT
PROCESSOR_IDENTIFIER=Intel64 Family 6 Model 78 Stepping 3, GenuineIntel



---------------  S Y S T E M  ---------------

OS: Windows 10.0 , 64 bit Build 17134 (10.0.17134.1)

CPU:total 4 (initial active 4) (2 cores per cpu, 2 threads per core) family 6 model 78 stepping 3, cmov, cx8, fxsr, mmx, sse, sse2, sse3, ssse3, sse4.1, sse4.2, popcnt, avx, avx2, aes, clmul, erms, 3dnowpref, lzcnt, ht, tsc, tscinvbit, bmi1, bmi2, adx

Memory: 4k page, physical 8204560k(548272k free), swap 33370384k(3228k free)

vm_info: OpenJDK 64-Bit Server VM (25.152-b06) for windows-amd64 JRE (1.8.0_152-release-1136-b06), built by "builder" with MS VC++ 10.0 (VS2010)

dressUpTime: Fri Oct 19 18:19:38 2018
elapsed dressUpTime: 14 seconds (0d 0h 0m 14s)

