#
# There is insufficient memory for the Java Runtime Environment to continue.
# Native memory allocation (malloc) failed to allocate 1108928 bytes for Chunk::new
# Possible reasons:
#   The system is out of physical RAM or swap space
#   In 32 bit mode, the process size limit was hit
# Possible solutions:
#   Reduce memory load on the system
#   Increase physical memory or swap space
#   Check if swap backing store is full
#   Use 64 bit Java on a 64 bit OS
#   Decrease Java heap size (-Xmx/-Xms)
#   Decrease number of Java threads
#   Decrease Java thread stack sizes (-Xss)
#   Set larger code cache with -XX:ReservedCodeCacheSize=
# This output file may be truncated or incomplete.
#
#  Out of Memory Error (allocation.cpp:390), pid=1068, tid=0x00000000000035f8
#
# JRE version: OpenJDK Runtime Environment (8.0_152-b06) (build 1.8.0_152-release-1136-b06)
# Java VM: OpenJDK 64-Bit Server VM (25.152-b06 mixed mode windows-amd64 compressed oops)
# Failed to write core dump. Minidumps are not enabled by default on client versions of Windows
#

---------------  T H R E A D  ---------------

Current thread (0x0000000015d02800):  JavaThread "C2 CompilerThread1" daemon [_thread_in_native, id=13816, stack(0x0000000017480000,0x0000000017580000)]

Stack: [0x0000000017480000,0x0000000017580000]
[error occurred during error reporting (printing stack bounds), id 0xc0000005]

Native frames: (J=compiled Java code, j=interpreted, Vv=VM code, C=native code)


Current CompileTask:
C2:   8294 2141       4       groovy.lang.MetaClassImpl$1MOPIter::methodNameAction (479 bytes)


---------------  P R O C E S S  ---------------

Java Threads: ( => current thread )
  0x000000001a9ba000 JavaThread "Cache worker for Artifact transforms cache (C:\Users\osiza\.gradle\caches\transforms-1)" [_thread_blocked, id=6800, stack(0x000000001db50000,0x000000001dc50000)]
  0x0000000018bb8000 JavaThread "Cache worker for file hash cache (C:\Users\osiza\Downloads\BulletFalls\.gradle\4.6\fileHashes)" [_thread_blocked, id=10120, stack(0x000000001b8b0000,0x000000001b9b0000)]
  0x0000000018c44800 JavaThread "File lock request listener" [_thread_in_native, id=4324, stack(0x000000001a7e0000,0x000000001a8e0000)]
  0x00000000191a4000 JavaThread "Cache worker for file hash cache (C:\Users\osiza\.gradle\caches\4.6\fileHashes)" [_thread_blocked, id=12116, stack(0x000000001a6e0000,0x000000001a7e0000)]
  0x0000000018bcd000 JavaThread "Stdin handler" [_thread_blocked, id=15448, stack(0x000000001a3e0000,0x000000001a4e0000)]
  0x0000000018bb9800 JavaThread "Asynchronous log dispatcher for DefaultDaemonConnection: socket connection from /127.0.0.1:13464 to /127.0.0.1:13465" [_thread_blocked, id=5076, stack(0x000000001a2e0000,0x000000001a3e0000)]
  0x0000000018be0000 JavaThread "Daemon worker" [_thread_blocked, id=9844, stack(0x000000001a1e0000,0x000000001a2e0000)]
  0x0000000018bdd000 JavaThread "Cancel handler" [_thread_blocked, id=14296, stack(0x000000001a0e0000,0x000000001a1e0000)]
  0x0000000018d7b800 JavaThread "Handler for socket connection from /127.0.0.1:13464 to /127.0.0.1:13465" [_thread_in_native, id=14920, stack(0x0000000019de0000,0x0000000019ee0000)]
  0x0000000018d7a800 JavaThread "Daemon" [_thread_blocked, id=15540, stack(0x0000000019ce0000,0x0000000019de0000)]
  0x0000000018d50800 JavaThread "Daemon periodic checks" [_thread_blocked, id=11056, stack(0x0000000019be0000,0x0000000019ce0000)]
  0x0000000018a62000 JavaThread "Incoming local TCP Connector on port 13464" [_thread_in_native, id=712, stack(0x0000000019990000,0x0000000019a90000)]
  0x0000000017587000 JavaThread "Service Thread" daemon [_thread_blocked, id=10932, stack(0x0000000017a80000,0x0000000017b80000)]
  0x0000000017581800 JavaThread "C1 CompilerThread2" daemon [_thread_blocked, id=17456, stack(0x0000000017980000,0x0000000017a80000)]
=>0x0000000015d02800 JavaThread "C2 CompilerThread1" daemon [_thread_in_native, id=13816, stack(0x0000000017480000,0x0000000017580000)]
  0x0000000015cfe800 JavaThread "C2 CompilerThread0" daemon [_thread_in_native, id=7804, stack(0x0000000017380000,0x0000000017480000)]
  0x0000000015cfd000 JavaThread "Attach Listener" daemon [_thread_blocked, id=14164, stack(0x0000000017280000,0x0000000017380000)]
  0x0000000015cfb800 JavaThread "Signal Dispatcher" daemon [_thread_blocked, id=15196, stack(0x0000000017180000,0x0000000017280000)]
  0x0000000002387000 JavaThread "Finalizer" daemon [_thread_blocked, id=16648, stack(0x0000000016f70000,0x0000000017070000)]
  0x0000000002381800 JavaThread "Reference Handler" daemon [_thread_blocked, id=16256, stack(0x0000000016e70000,0x0000000016f70000)]
  0x0000000002292800 JavaThread "main" [_thread_blocked, id=1632, stack(0x0000000002160000,0x0000000002260000)]

Other Threads:
  0x0000000015cc5000 VMThread [stack: 0x0000000016d70000,0x0000000016e70000] [id=18152]
  0x0000000017588800 WatcherThread [stack: 0x0000000017b80000,0x0000000017c80000] [id=7968]

VM state:at safepoint (normal execution)

VM Mutex/Monitor currently owned by a thread:  ([mutex/lock_event])
[0x00000000001cdbf0] Threads_lock - owner thread: 0x0000000015cc5000
[0x00000000001ccef0] Heap_lock - owner thread: 0x0000000018be0000

Heap:
 PSYoungGen      total 37888K, used 32056K [0x00000000e0000000, 0x00000000e3f00000, 0x0000000100000000)
  eden space 27648K, 100% used [0x00000000e0000000,0x00000000e1b00000,0x00000000e1b00000)
  from space 10240K, 43% used [0x00000000e1b00000,0x00000000e1f4e348,0x00000000e2500000)
  to   space 10240K, 23% used [0x00000000e3500000,0x00000000e3750000,0x00000000e3f00000)
 ParOldGen       total 60416K, used 8347K [0x00000000a0000000, 0x00000000a3b00000, 0x00000000e0000000)
  object space 60416K, 13% used [0x00000000a0000000,0x00000000a0826f10,0x00000000a3b00000)
 Metaspace       used 27921K, capacity 28380K, committed 28720K, reserved 1073152K
  class space    used 3902K, capacity 4059K, committed 4144K, reserved 1048576K

Card table byte_map: [0x0000000011750000,0x0000000011a60000] byte_map_base: 0x0000000011250000

Marking Bits: (ParMarkBitMap*) 0x0000000066035aa0
 Begin Bits: [0x0000000012060000, 0x0000000013860000)
 End Bits:   [0x0000000013860000, 0x0000000015060000)

Polling page: 0x0000000000510000

CodeCache: size=245760Kb used=8780Kb max_used=8780Kb free=236979Kb
 bounds [0x0000000002390000, 0x0000000002c30000, 0x0000000011390000]
 total_blobs=2870 nmethods=2215 adapters=568
 compilation: enabled

Compilation events (10 events):
Event: 8.261 Thread 0x0000000017581800 2246       3       sun.reflect.annotation.AnnotationParser::parseSig (61 bytes)
Event: 8.262 Thread 0x0000000017581800 nmethod 2246 0x0000000002c24c10 code [0x0000000002c24ec0, 0x0000000002c26168]
Event: 8.262 Thread 0x0000000017581800 2247       3       sun.reflect.annotation.AnnotationParser::toClass (32 bytes)
Event: 8.262 Thread 0x0000000017581800 nmethod 2247 0x0000000002c26b10 code [0x0000000002c26d20, 0x0000000002c27948]
Event: 8.262 Thread 0x0000000017581800 2248  s    3       java.lang.StringBuffer::append (15 bytes)
Event: 8.262 Thread 0x0000000017581800 nmethod 2248 0x0000000002c27c10 code [0x0000000002c27d80, 0x0000000002c280a8]
Event: 8.287 Thread 0x0000000017581800 2249       3       com.google.common.base.Objects::firstNonNull (13 bytes)
Event: 8.287 Thread 0x0000000017581800 nmethod 2249 0x0000000002c28190 code [0x0000000002c28300, 0x0000000002c285c8]
Event: 8.287 Thread 0x0000000017581800 2250       3       com.google.common.cache.LocalCache::usesAccessQueue (20 bytes)
Event: 8.287 Thread 0x0000000017581800 nmethod 2250 0x0000000002c286d0 code [0x0000000002c28840, 0x0000000002c28bd0]

GC Heap History (10 events):
Event: 6.096 GC heap before
{Heap before GC invocations=4 (full 0):
 PSYoungGen      total 37888K, used 37872K [0x00000000e0000000, 0x00000000e2a00000, 0x0000000100000000)
  eden space 32768K, 100% used [0x00000000e0000000,0x00000000e2000000,0x00000000e2000000)
  from space 5120K, 99% used [0x00000000e2000000,0x00000000e24fc030,0x00000000e2500000)
  to   space 5120K, 0% used [0x00000000e2500000,0x00000000e2500000,0x00000000e2a00000)
 ParOldGen       total 86016K, used 1916K [0x00000000a0000000, 0x00000000a5400000, 0x00000000e0000000)
  object space 86016K, 2% used [0x00000000a0000000,0x00000000a01df0b0,0x00000000a5400000)
 Metaspace       used 17212K, capacity 17588K, committed 17792K, reserved 1064960K
  class space    used 2484K, capacity 2612K, committed 2688K, reserved 1048576K
Event: 6.110 GC heap after
Heap after GC invocations=4 (full 0):
 PSYoungGen      total 37888K, used 5088K [0x00000000e0000000, 0x00000000e2a00000, 0x0000000100000000)
  eden space 32768K, 0% used [0x00000000e0000000,0x00000000e0000000,0x00000000e2000000)
  from space 5120K, 99% used [0x00000000e2500000,0x00000000e29f8040,0x00000000e2a00000)
  to   space 5120K, 0% used [0x00000000e2000000,0x00000000e2000000,0x00000000e2500000)
 ParOldGen       total 86016K, used 5104K [0x00000000a0000000, 0x00000000a5400000, 0x00000000e0000000)
  object space 86016K, 5% used [0x00000000a0000000,0x00000000a04fc398,0x00000000a5400000)
 Metaspace       used 17212K, capacity 17588K, committed 17792K, reserved 1064960K
  class space    used 2484K, capacity 2612K, committed 2688K, reserved 1048576K
}
Event: 6.692 GC heap before
{Heap before GC invocations=5 (full 0):
 PSYoungGen      total 37888K, used 24843K [0x00000000e0000000, 0x00000000e2a00000, 0x0000000100000000)
  eden space 32768K, 60% used [0x00000000e0000000,0x00000000e134adc8,0x00000000e2000000)
  from space 5120K, 99% used [0x00000000e2500000,0x00000000e29f8040,0x00000000e2a00000)
  to   space 5120K, 0% used [0x00000000e2000000,0x00000000e2000000,0x00000000e2500000)
 ParOldGen       total 86016K, used 5104K [0x00000000a0000000, 0x00000000a5400000, 0x00000000e0000000)
  object space 86016K, 5% used [0x00000000a0000000,0x00000000a04fc398,0x00000000a5400000)
 Metaspace       used 20867K, capacity 21244K, committed 21296K, reserved 1067008K
  class space    used 2921K, capacity 3076K, committed 3120K, reserved 1048576K
Event: 6.704 GC heap after
Heap after GC invocations=5 (full 0):
 PSYoungGen      total 37888K, used 5088K [0x00000000e0000000, 0x00000000e2a00000, 0x0000000100000000)
  eden space 32768K, 0% used [0x00000000e0000000,0x00000000e0000000,0x00000000e2000000)
  from space 5120K, 99% used [0x00000000e2000000,0x00000000e24f8030,0x00000000e2500000)
  to   space 5120K, 0% used [0x00000000e2500000,0x00000000e2500000,0x00000000e2a00000)
 ParOldGen       total 86016K, used 8123K [0x00000000a0000000, 0x00000000a5400000, 0x00000000e0000000)
  object space 86016K, 9% used [0x00000000a0000000,0x00000000a07eece8,0x00000000a5400000)
 Metaspace       used 20867K, capacity 21244K, committed 21296K, reserved 1067008K
  class space    used 2921K, capacity 3076K, committed 3120K, reserved 1048576K
}
Event: 6.704 GC heap before
{Heap before GC invocations=6 (full 1):
 PSYoungGen      total 37888K, used 5088K [0x00000000e0000000, 0x00000000e2a00000, 0x0000000100000000)
  eden space 32768K, 0% used [0x00000000e0000000,0x00000000e0000000,0x00000000e2000000)
  from space 5120K, 99% used [0x00000000e2000000,0x00000000e24f8030,0x00000000e2500000)
  to   space 5120K, 0% used [0x00000000e2500000,0x00000000e2500000,0x00000000e2a00000)
 ParOldGen       total 86016K, used 8123K [0x00000000a0000000, 0x00000000a5400000, 0x00000000e0000000)
  object space 86016K, 9% used [0x00000000a0000000,0x00000000a07eece8,0x00000000a5400000)
 Metaspace       used 20867K, capacity 21244K, committed 21296K, reserved 1067008K
  class space    used 2921K, capacity 3076K, committed 3120K, reserved 1048576K
Event: 6.764 GC heap after
Heap after GC invocations=6 (full 1):
 PSYoungGen      total 37888K, used 0K [0x00000000e0000000, 0x00000000e2a00000, 0x0000000100000000)
  eden space 32768K, 0% used [0x00000000e0000000,0x00000000e0000000,0x00000000e2000000)
  from space 5120K, 0% used [0x00000000e2000000,0x00000000e2000000,0x00000000e2500000)
  to   space 5120K, 0% used [0x00000000e2500000,0x00000000e2500000,0x00000000e2a00000)
 ParOldGen       total 60416K, used 8331K [0x00000000a0000000, 0x00000000a3b00000, 0x00000000e0000000)
  object space 60416K, 13% used [0x00000000a0000000,0x00000000a0822f10,0x00000000a3b00000)
 Metaspace       used 20867K, capacity 21244K, committed 21296K, reserved 1067008K
  class space    used 2921K, capacity 3076K, committed 3120K, reserved 1048576K
}
Event: 7.394 GC heap before
{Heap before GC invocations=7 (full 1):
 PSYoungGen      total 37888K, used 32768K [0x00000000e0000000, 0x00000000e2a00000, 0x0000000100000000)
  eden space 32768K, 100% used [0x00000000e0000000,0x00000000e2000000,0x00000000e2000000)
  from space 5120K, 0% used [0x00000000e2000000,0x00000000e2000000,0x00000000e2500000)
  to   space 5120K, 0% used [0x00000000e2500000,0x00000000e2500000,0x00000000e2a00000)
 ParOldGen       total 60416K, used 8331K [0x00000000a0000000, 0x00000000a3b00000, 0x00000000e0000000)
  object space 60416K, 13% used [0x00000000a0000000,0x00000000a0822f10,0x00000000a3b00000)
 Metaspace       used 23991K, capacity 24396K, committed 24496K, reserved 1071104K
  class space    used 3294K, capacity 3437K, committed 3504K, reserved 1048576K
Event: 7.398 GC heap after
Heap after GC invocations=7 (full 1):
 PSYoungGen      total 32768K, used 3780K [0x00000000e0000000, 0x00000000e4500000, 0x0000000100000000)
  eden space 27648K, 0% used [0x00000000e0000000,0x00000000e0000000,0x00000000e1b00000)
  from space 5120K, 73% used [0x00000000e2500000,0x00000000e28b11d0,0x00000000e2a00000)
  to   space 10240K, 0% used [0x00000000e1b00000,0x00000000e1b00000,0x00000000e2500000)
 ParOldGen       total 60416K, used 8339K [0x00000000a0000000, 0x00000000a3b00000, 0x00000000e0000000)
  object space 60416K, 13% used [0x00000000a0000000,0x00000000a0824f10,0x00000000a3b00000)
 Metaspace       used 23991K, capacity 24396K, committed 24496K, reserved 1071104K
  class space    used 3294K, capacity 3437K, committed 3504K, reserved 1048576K
}
Event: 7.862 GC heap before
{Heap before GC invocations=8 (full 1):
 PSYoungGen      total 32768K, used 31428K [0x00000000e0000000, 0x00000000e4500000, 0x0000000100000000)
  eden space 27648K, 100% used [0x00000000e0000000,0x00000000e1b00000,0x00000000e1b00000)
  from space 5120K, 73% used [0x00000000e2500000,0x00000000e28b11d0,0x00000000e2a00000)
  to   space 10240K, 0% used [0x00000000e1b00000,0x00000000e1b00000,0x00000000e2500000)
 ParOldGen       total 60416K, used 8339K [0x00000000a0000000, 0x00000000a3b00000, 0x00000000e0000000)
  object space 60416K, 13% used [0x00000000a0000000,0x00000000a0824f10,0x00000000a3b00000)
 Metaspace       used 26522K, capacity 26966K, committed 27184K, reserved 1073152K
  class space    used 3634K, capacity 3801K, committed 3888K, reserved 1048576K
Event: 7.872 GC heap after
Heap after GC invocations=8 (full 1):
 PSYoungGen      total 37888K, used 4408K [0x00000000e0000000, 0x00000000e3f00000, 0x0000000100000000)
  eden space 27648K, 0% used [0x00000000e0000000,0x00000000e0000000,0x00000000e1b00000)
  from space 10240K, 43% used [0x00000000e1b00000,0x00000000e1f4e348,0x00000000e2500000)
  to   space 10240K, 0% used [0x00000000e3500000,0x00000000e3500000,0x00000000e3f00000)
 ParOldGen       total 60416K, used 8347K [0x00000000a0000000, 0x00000000a3b00000, 0x00000000e0000000)
  object space 60416K, 13% used [0x00000000a0000000,0x00000000a0826f10,0x00000000a3b00000)
 Metaspace       used 26522K, capacity 26966K, committed 27184K, reserved 1073152K
  class space    used 3634K, capacity 3801K, committed 3888K, reserved 1048576K
}

Deoptimization events (10 events):
Event: 7.379 Thread 0x0000000018be0000 Uncommon trap: reason=unstable_if action=reinterpret pc=0x000000000280af40 method=java.util.HashMap.putVal(ILjava/lang/Object;Ljava/lang/Object;ZZ)Ljava/lang/Object; @ 85
Event: 7.398 Thread 0x0000000002381800 Uncommon trap: reason=unstable_if action=reinterpret pc=0x00000000028cd4f8 method=java.lang.ref.Reference.tryHandlePending(Z)Z @ 104
Event: 7.408 Thread 0x0000000018be0000 Uncommon trap: reason=class_check action=maybe_recompile pc=0x000000000295ec00 method=java.lang.reflect.Method.equals(Ljava/lang/Object;)Z @ 5
Event: 7.411 Thread 0x0000000018be0000 Uncommon trap: reason=class_check action=maybe_recompile pc=0x000000000295ec00 method=java.lang.reflect.Method.equals(Ljava/lang/Object;)Z @ 5
Event: 7.489 Thread 0x0000000018be0000 Uncommon trap: reason=unstable_if action=reinterpret pc=0x00000000026486f0 method=java.util.LinkedHashMap.afterNodeInsertion(Z)V @ 1
Event: 7.521 Thread 0x0000000018be0000 Uncommon trap: reason=class_check action=maybe_recompile pc=0x000000000295ec00 method=java.lang.reflect.Method.equals(Ljava/lang/Object;)Z @ 5
Event: 7.521 Thread 0x0000000018be0000 Uncommon trap: reason=class_check action=maybe_recompile pc=0x000000000295ec00 method=java.lang.reflect.Method.equals(Ljava/lang/Object;)Z @ 5
Event: 7.687 Thread 0x0000000018be0000 Uncommon trap: reason=class_check action=maybe_recompile pc=0x0000000002954740 method=sun.misc.URLClassPath.getLoader(I)Lsun/misc/URLClassPath$Loader; @ 94
Event: 7.697 Thread 0x0000000018be0000 Uncommon trap: reason=class_check action=maybe_recompile pc=0x000000000296c8f4 method=sun.misc.URLClassPath.getLoader(I)Lsun/misc/URLClassPath$Loader; @ 239
Event: 7.824 Thread 0x0000000018be0000 Uncommon trap: reason=unstable_if action=reinterpret pc=0x000000000260b68c method=java.io.WinNTFileSystem.resolve(Ljava/lang/String;Ljava/lang/String;)Ljava/lang/String; @ 49

Classes redefined (0 events):
No events

Internal exceptions (10 events):
Event: 7.892 Thread 0x0000000018be0000 Exception <a 'java/lang/ClassNotFoundException': org/gradle/api/internal/DefaultDomainObjectCollectionCustomizer> (0x00000000e0250460) thrown at [D:\src\AOSP-openjdk-cygwin\jdk8u\hotspot\src\share\vm\classfile\systemDictionary.cpp, line 210]
Event: 7.894 Thread 0x0000000018be0000 Exception <a 'java/lang/ClassNotFoundException': org/gradle/api/internal/DefaultNamedDomainObjectCollectionCustomizer> (0x00000000e02a70c0) thrown at [D:\src\AOSP-openjdk-cygwin\jdk8u\hotspot\src\share\vm\classfile\systemDictionary.cpp, line 210]
Event: 7.897 Thread 0x0000000018be0000 Exception <a 'java/lang/ClassNotFoundException': org/gradle/api/internal/DefaultNamedDomainObjectListCustomizer> (0x00000000e02ff728) thrown at [D:\src\AOSP-openjdk-cygwin\jdk8u\hotspot\src\share\vm\classfile\systemDictionary.cpp, line 210]
Event: 7.900 Thread 0x0000000018be0000 Exception <a 'java/lang/ClassNotFoundException': org/gradle/api/internal/artifacts/DefaultArtifactRepositoryContainerCustomizer> (0x00000000e036ec80) thrown at [D:\src\AOSP-openjdk-cygwin\jdk8u\hotspot\src\share\vm\classfile\systemDictionary.cpp, line 210
Event: 7.903 Thread 0x0000000018be0000 Exception <a 'java/lang/ClassNotFoundException': org/gradle/api/internal/artifacts/dsl/DefaultRepositoryHandlerCustomizer> (0x00000000e03d0590) thrown at [D:\src\AOSP-openjdk-cygwin\jdk8u\hotspot\src\share\vm\classfile\systemDictionary.cpp, line 210]
Event: 7.906 Thread 0x0000000018be0000 Exception <a 'java/lang/ClassNotFoundException': org/gradle/api/internal/artifacts/dsl/DefaultRepositoryHandler_DecoratedCustomizer> (0x00000000e043aa30) thrown at [D:\src\AOSP-openjdk-cygwin\jdk8u\hotspot\src\share\vm\classfile\systemDictionary.cpp, line
Event: 8.246 Thread 0x0000000018be0000 Exception <a 'java/lang/ClassNotFoundException': org/gradle/api/internal/artifacts/dsl/dependencies/DefaultDependencyHandler_DecoratedBeanInfo> (0x00000000e1862098) thrown at [D:\src\AOSP-openjdk-cygwin\jdk8u\hotspot\src\share\vm\classfile\systemDictionar
Event: 8.247 Thread 0x0000000018be0000 Exception <a 'java/lang/ClassNotFoundException': org/gradle/api/internal/artifacts/dsl/dependencies/DefaultDependencyHandlerBeanInfo> (0x00000000e18af838) thrown at [D:\src\AOSP-openjdk-cygwin\jdk8u\hotspot\src\share\vm\classfile\systemDictionary.cpp, lin
Event: 8.248 Thread 0x0000000018be0000 Exception <a 'java/lang/ClassNotFoundException': org/gradle/api/internal/artifacts/dsl/dependencies/DefaultDependencyHandlerCustomizer> (0x00000000e18fde50) thrown at [D:\src\AOSP-openjdk-cygwin\jdk8u\hotspot\src\share\vm\classfile\systemDictionary.cpp, l
Event: 8.251 Thread 0x0000000018be0000 Exception <a 'java/lang/ClassNotFoundException': org/gradle/api/internal/artifacts/dsl/dependencies/DefaultDependencyHandler_DecoratedCustomizer> (0x00000000e1973b10) thrown at [D:\src\AOSP-openjdk-cygwin\jdk8u\hotspot\src\share\vm\classfile\systemDiction

Events (10 events):
Event: 8.284 loading class org/gradle/cache/internal/BinaryStore$BinaryData
Event: 8.284 loading class org/gradle/cache/internal/BinaryStore$BinaryData done
Event: 8.285 loading class org/gradle/api/internal/artifacts/ivyservice/resolveengine/store/CachedStoreFactory
Event: 8.285 loading class org/gradle/api/internal/artifacts/ivyservice/resolveengine/store/CachedStoreFactory done
Event: 8.286 loading class org/gradle/cache/internal/Store
Event: 8.286 loading class org/gradle/cache/internal/Store done
Event: 8.287 loading class org/gradle/api/internal/artifacts/ivyservice/resolveengine/store/CachedStoreFactory$Stats
Event: 8.287 loading class org/gradle/api/internal/artifacts/ivyservice/resolveengine/store/CachedStoreFactory$Stats done
Event: 8.288 loading class org/gradle/api/internal/artifacts/ivyservice/resolveengine/store/CachedStoreFactory$SimpleStore
Event: 8.288 loading class org/gradle/api/internal/artifacts/ivyservice/resolveengine/store/CachedStoreFactory$SimpleStore done


Dynamic libraries:
0x00007ff7c6b90000 - 0x00007ff7c6bc1000 	C:\Program Files\Android\Android Studio\jre\bin\java.exe
0x00007fff371a0000 - 0x00007fff37381000 	C:\WINDOWS\SYSTEM32\ntdll.dll
0x00007fff34640000 - 0x00007fff346f2000 	C:\WINDOWS\System32\KERNEL32.DLL
0x00007fff33910000 - 0x00007fff33b83000 	C:\WINDOWS\System32\KERNELBASE.dll
0x00007fff34f60000 - 0x00007fff35001000 	C:\WINDOWS\System32\ADVAPI32.dll
0x00007fff34b50000 - 0x00007fff34bee000 	C:\WINDOWS\System32\msvcrt.dll
0x00007fff34c60000 - 0x00007fff34cbb000 	C:\WINDOWS\System32\sechost.dll
0x00007fff35ad0000 - 0x00007fff35bf4000 	C:\WINDOWS\System32\RPCRT4.dll
0x00007fff35870000 - 0x00007fff35a00000 	C:\WINDOWS\System32\USER32.dll
0x00007fff34420000 - 0x00007fff34440000 	C:\WINDOWS\System32\win32u.dll
0x00007fff35810000 - 0x00007fff35838000 	C:\WINDOWS\System32\GDI32.dll
0x00007fff33610000 - 0x00007fff337a2000 	C:\WINDOWS\System32\gdi32full.dll
0x00007fff33570000 - 0x00007fff3360f000 	C:\WINDOWS\System32\msvcp_win.dll
0x00007fff33810000 - 0x00007fff3390a000 	C:\WINDOWS\System32\ucrtbase.dll
0x00007fff1e7a0000 - 0x00007fff1ea09000 	C:\WINDOWS\WinSxS\amd64_microsoft.windows.common-controls_6595b64144ccf1df_6.0.17134.345_none_fb429a5930656358\COMCTL32.dll
0x00007fff35010000 - 0x00007fff35333000 	C:\WINDOWS\System32\combase.dll
0x00007fff343a0000 - 0x00007fff3441a000 	C:\WINDOWS\System32\bcryptPrimitives.dll
0x00007fff35840000 - 0x00007fff3586d000 	C:\WINDOWS\System32\IMM32.DLL
0x00000000656b0000 - 0x0000000065782000 	C:\Program Files\Android\Android Studio\jre\jre\bin\msvcr100.dll
0x0000000065870000 - 0x00000000660b1000 	C:\Program Files\Android\Android Studio\jre\jre\bin\server\jvm.dll
0x00007fff34f50000 - 0x00007fff34f58000 	C:\WINDOWS\System32\PSAPI.DLL
0x00007fff311b0000 - 0x00007fff311ba000 	C:\WINDOWS\SYSTEM32\VERSION.dll
0x00007fff25720000 - 0x00007fff25729000 	C:\WINDOWS\SYSTEM32\WSOCK32.dll
0x00007fff30bb0000 - 0x00007fff30bd3000 	C:\WINDOWS\SYSTEM32\WINMM.dll
0x00007fff34bf0000 - 0x00007fff34c5c000 	C:\WINDOWS\System32\WS2_32.dll
0x00007fff30b80000 - 0x00007fff30baa000 	C:\WINDOWS\SYSTEM32\winmmbase.dll
0x00007fff34350000 - 0x00007fff34399000 	C:\WINDOWS\System32\cfgmgr32.dll
0x00007fff2a150000 - 0x00007fff2a15f000 	C:\Program Files\Android\Android Studio\jre\jre\bin\verify.dll
0x00007fff1eb90000 - 0x00007fff1ebb9000 	C:\Program Files\Android\Android Studio\jre\jre\bin\java.dll
0x00007fff1ec30000 - 0x00007fff1ec46000 	C:\Program Files\Android\Android Studio\jre\jre\bin\zip.dll
0x00007fff35c00000 - 0x00007fff3703f000 	C:\WINDOWS\System32\SHELL32.dll
0x00007fff37040000 - 0x00007fff370e9000 	C:\WINDOWS\System32\shcore.dll
0x00007fff33c40000 - 0x00007fff3434d000 	C:\WINDOWS\System32\windows.storage.dll
0x00007fff34e60000 - 0x00007fff34eb1000 	C:\WINDOWS\System32\shlwapi.dll
0x00007fff33550000 - 0x00007fff33561000 	C:\WINDOWS\System32\kernel.appcore.dll
0x00007fff33510000 - 0x00007fff3352f000 	C:\WINDOWS\System32\profapi.dll
0x00007fff334b0000 - 0x00007fff334fc000 	C:\WINDOWS\System32\powrprof.dll
0x00007fff33500000 - 0x00007fff3350a000 	C:\WINDOWS\System32\FLTLIB.DLL
0x00007fff1e6a0000 - 0x00007fff1e6ba000 	C:\Program Files\Android\Android Studio\jre\jre\bin\net.dll
0x00007fff32d30000 - 0x00007fff32d96000 	C:\WINDOWS\system32\mswsock.dll
0x00007fff1dd10000 - 0x00007fff1dd21000 	C:\Program Files\Android\Android Studio\jre\jre\bin\nio.dll
0x00007fff24d90000 - 0x00007fff24dae000 	C:\Users\osiza\.gradle\native\25\windows-amd64\native-platform.dll
0x00007fff29110000 - 0x00007fff2911d000 	C:\Program Files\Android\Android Studio\jre\jre\bin\management.dll
0x00007fff32ee0000 - 0x00007fff32ef7000 	C:\WINDOWS\SYSTEM32\CRYPTSP.dll
0x00007fff32910000 - 0x00007fff32943000 	C:\WINDOWS\system32\rsaenh.dll
0x00007fff33010000 - 0x00007fff33035000 	C:\WINDOWS\SYSTEM32\bcrypt.dll
0x00007fff333e0000 - 0x00007fff33408000 	C:\WINDOWS\SYSTEM32\USERENV.dll
0x00007fff32f00000 - 0x00007fff32f0b000 	C:\WINDOWS\SYSTEM32\CRYPTBASE.dll
0x00007fff32ab0000 - 0x00007fff32ae8000 	C:\WINDOWS\SYSTEM32\IPHLPAPI.DLL
0x00007fff34630000 - 0x00007fff34638000 	C:\WINDOWS\System32\NSI.dll
0x00007fff2ccc0000 - 0x00007fff2ccd6000 	C:\WINDOWS\SYSTEM32\dhcpcsvc6.DLL
0x00007fff2cca0000 - 0x00007fff2ccba000 	C:\WINDOWS\SYSTEM32\dhcpcsvc.DLL

VM Arguments:
jvm_args: -Xmx1536m -Dfile.encoding=windows-1250 -Duser.country=PL -Duser.language=pl -Duser.variant 
java_command: org.gradle.launcher.daemon.bootstrap.GradleDaemon 4.6
java_class_path (initial): C:\Users\osiza\.gradle\wrapper\dists\gradle-4.6-all\bcst21l2brirad8k2ben1letg\gradle-4.6\lib\gradle-launcher-4.6.jar
Launcher Type: SUN_STANDARD

Environment Variables:
PATH=C:\Program Files (x86)\Common Files\Oracle\Java\javapath;C:\Program Files\Microsoft MPI\Bin\;C:\oraclexe\app\oracle\product\11.2.0\server\bin;C:\ProgramData\Oracle\Java\javapath;C:\app\client\osiza\product\12.1.0\client_3;C:\app\client\osiza\product\12.1.0\client_3\bin;C:\app\client\osiza\product\12.1.0\client_2;C:\app\client\osiza\product\12.1.0\client_2\bin;C:\app\client\osiza\product\12.1.0\client_1;C:\app\client\osiza\product\12.1.0\client_1\bin;C:\WINDOWS\system32;C:\WINDOWS;C:\WINDOWS\System32\Wbem;C:\WINDOWS\System32\WindowsPowerShell\v1.0\;C:\Program Files (x86)\Common Files\lenovo\easyplussdk\bin;C:\Program Files\Microsoft SQL Server\130\Tools\Binn\;C:\Program Files\SQL Anywhere 12\bin64;C:\Program Files\SQL Anywhere 12\bin32;C:\Program Files\Java\jdk1.8.0_121\bin;C:\Program Files (x86)\Skype\Phone\;C:\Program Files\dotnet\;C:\Program Files\Git\cmd;C:\Program Files (x86)\GtkSharp\2.12\bin;C:\Program Files\MiKTeX 2.9\miktex\bin\x64\;C:\Program Files (x86)\Microsoft SQL Server\Client SDK\ODBC\130\Tools\Binn\;C:\Program Files (x86)\Microsoft SQL Server\140\Tools\Binn\;C:\Program Files (x86)\Microsoft SQL Server\140\DTS\Binn\;C:\Program Files (x86)\Microsoft SQL Server\140\Tools\Binn\ManagementStudio\;C:\WINDOWS\System32\OpenSSH\;C:\Users\osiza\AppData\Local\Microsoft\WindowsApps;C:\Users\osiza\AppData\Local\GitHubDesktop\bin;C:\Users\osiza\AppData\Local\atom\bin;C:\Users\osiza\AppData\Local\Microsoft\WindowsApps;
USERNAME=osiza
OS=Windows_NT
PROCESSOR_IDENTIFIER=Intel64 Family 6 Model 78 Stepping 3, GenuineIntel



---------------  S Y S T E M  ---------------

OS: Windows 10.0 , 64 bit Build 17134 (10.0.17134.1)

CPU:total 4 (initial active 4) (2 cores per cpu, 2 threads per core) family 6 model 78 stepping 3, cmov, cx8, fxsr, mmx, sse, sse2, sse3, ssse3, sse4.1, sse4.2, popcnt, avx, avx2, aes, clmul, erms, 3dnowpref, lzcnt, ht, tsc, tscinvbit, bmi1, bmi2, adx

Memory: 4k page, physical 8204560k(466268k free), swap 33370384k(5220k free)

vm_info: OpenJDK 64-Bit Server VM (25.152-b06) for windows-amd64 JRE (1.8.0_152-release-1136-b06), built by "builder" with MS VC++ 10.0 (VS2010)

time: Fri Oct 19 18:20:30 2018
elapsed time: 8 seconds (0d 0h 0m 8s)

